/home/brussell03/DRON/ros2_ws/install/thermal_cam/lib/python3.10/site-packages/thermal_cam/__init__.py
/home/brussell03/DRON/ros2_ws/install/thermal_cam/lib/python3.10/site-packages/thermal_cam/thermal_cam.py
/home/brussell03/DRON/ros2_ws/install/thermal_cam/lib/python3.10/site-packages/thermal_cam/thermal_cam_sub.py
/home/brussell03/DRON/ros2_ws/install/thermal_cam/lib/python3.10/site-packages/thermal_cam/thermal_cam_pub.py
/home/brussell03/DRON/ros2_ws/install/thermal_cam/lib/python3.10/site-packages/thermal_cam/senxor/__init__.py
/home/brussell03/DRON/ros2_ws/install/thermal_cam/lib/python3.10/site-packages/thermal_cam/senxor/utils.py
/home/brussell03/DRON/ros2_ws/install/thermal_cam/lib/python3.10/site-packages/thermal_cam/senxor/mi48.py
/home/brussell03/DRON/ros2_ws/install/thermal_cam/lib/python3.10/site-packages/thermal_cam/senxor/interfaces.py
/home/brussell03/DRON/ros2_ws/install/thermal_cam/lib/python3.10/site-packages/thermal_cam/__pycache__/__init__.cpython-310.pyc
/home/brussell03/DRON/ros2_ws/install/thermal_cam/lib/python3.10/site-packages/thermal_cam/__pycache__/thermal_cam.cpython-310.pyc
/home/brussell03/DRON/ros2_ws/install/thermal_cam/lib/python3.10/site-packages/thermal_cam/__pycache__/thermal_cam_sub.cpython-310.pyc
/home/brussell03/DRON/ros2_ws/install/thermal_cam/lib/python3.10/site-packages/thermal_cam/__pycache__/thermal_cam_pub.cpython-310.pyc
/home/brussell03/DRON/ros2_ws/install/thermal_cam/lib/python3.10/site-packages/thermal_cam/senxor/__pycache__/__init__.cpython-310.pyc
/home/brussell03/DRON/ros2_ws/install/thermal_cam/lib/python3.10/site-packages/thermal_cam/senxor/__pycache__/utils.cpython-310.pyc
/home/brussell03/DRON/ros2_ws/install/thermal_cam/lib/python3.10/site-packages/thermal_cam/senxor/__pycache__/mi48.cpython-310.pyc
/home/brussell03/DRON/ros2_ws/install/thermal_cam/lib/python3.10/site-packages/thermal_cam/senxor/__pycache__/interfaces.cpython-310.pyc
/home/brussell03/DRON/ros2_ws/install/thermal_cam/share/ament_index/resource_index/packages/thermal_cam
/home/brussell03/DRON/ros2_ws/install/thermal_cam/share/thermal_cam/package.xml
/home/brussell03/DRON/ros2_ws/install/thermal_cam/lib/python3.10/site-packages/thermal_cam-0.0.0-py3.10.egg-info/requires.txt
/home/brussell03/DRON/ros2_ws/install/thermal_cam/lib/python3.10/site-packages/thermal_cam-0.0.0-py3.10.egg-info/zip-safe
/home/brussell03/DRON/ros2_ws/install/thermal_cam/lib/python3.10/site-packages/thermal_cam-0.0.0-py3.10.egg-info/PKG-INFO
/home/brussell03/DRON/ros2_ws/install/thermal_cam/lib/python3.10/site-packages/thermal_cam-0.0.0-py3.10.egg-info/top_level.txt
/home/brussell03/DRON/ros2_ws/install/thermal_cam/lib/python3.10/site-packages/thermal_cam-0.0.0-py3.10.egg-info/entry_points.txt
/home/brussell03/DRON/ros2_ws/install/thermal_cam/lib/python3.10/site-packages/thermal_cam-0.0.0-py3.10.egg-info/SOURCES.txt
/home/brussell03/DRON/ros2_ws/install/thermal_cam/lib/python3.10/site-packages/thermal_cam-0.0.0-py3.10.egg-info/dependency_links.txt
/home/brussell03/DRON/ros2_ws/install/thermal_cam/lib/thermal_cam/thermal_cam_pub
/home/brussell03/DRON/ros2_ws/install/thermal_cam/lib/thermal_cam/thermal_cam_sub
