running egg_info
writing ../../build/gps/gps.egg-info/PKG-INFO
writing dependency_links to ../../build/gps/gps.egg-info/dependency_links.txt
writing entry points to ../../build/gps/gps.egg-info/entry_points.txt
writing requirements to ../../build/gps/gps.egg-info/requires.txt
writing top-level names to ../../build/gps/gps.egg-info/top_level.txt
reading manifest file '../../build/gps/gps.egg-info/SOURCES.txt'
writing manifest file '../../build/gps/gps.egg-info/SOURCES.txt'
running build
running build_py
running install
/usr/lib/python3/dist-packages/setuptools/command/install.py:34: SetuptoolsDeprecationWarning: setup.py install is deprecated. Use build and pip and other standards-based tools.
  warnings.warn(
running install_lib
running install_data
running install_egg_info
removing '/home/brussell03/DRON/ros2_ws/install/gps/lib/python3.10/site-packages/gps-0.0.0-py3.10.egg-info' (and everything under it)
Copying ../../build/gps/gps.egg-info to /home/brussell03/DRON/ros2_ws/install/gps/lib/python3.10/site-packages/gps-0.0.0-py3.10.egg-info
running install_scripts
Installing gps_pub script to /home/brussell03/DRON/ros2_ws/install/gps/lib/gps
Installing gps_sub script to /home/brussell03/DRON/ros2_ws/install/gps/lib/gps
writing list of installed files to '/home/brussell03/DRON/ros2_ws/build/gps/install.log'
