[0.477s] Invoking command in '/home/brussell03/DRON/ros2_ws/build/custom_interfaces': CMAKE_PREFIX_PATH=${CMAKE_PREFIX_PATH}:/home/brussell03/DRON/ros2_ws/install/temperature:/home/brussell03/DRON/ros2_ws/install/gps:/home/brussell03/DRON/ros2_ws/install/thermal_cam:/home/brussell03/DRON/ros2_ws/install/IMU:/home/brussell03/DRON/ros2_ws/install/GPS:/home/brussell03/ros2_ws/install/robot_controller:/home/brussell03/ros2_ws/install/launch_testing_examples:/home/brussell03/ros2_ws/install/examples_rclpy_pointcloud_publisher:/home/brussell03/ros2_ws/install/examples_rclpy_minimal_subscriber:/home/brussell03/ros2_ws/install/examples_rclpy_minimal_service:/home/brussell03/ros2_ws/install/examples_rclpy_minimal_publisher:/home/brussell03/ros2_ws/install/examples_rclpy_minimal_client:/home/brussell03/ros2_ws/install/examples_rclpy_minimal_action_server:/home/brussell03/ros2_ws/install/examples_rclpy_minimal_action_client:/home/brussell03/ros2_ws/install/examples_rclpy_guard_conditions:/home/brussell03/ros2_ws/install/examples_rclpy_executors:/home/brussell03/ros2_ws/install/examples_rclcpp_minimal_action_server:/home/brussell03/ros2_ws/install/examples_rclcpp_minimal_action_client:/opt/ros/humble /usr/bin/cmake /home/brussell03/DRON/ros2_ws/src/custom_interfaces -DCMAKE_INSTALL_PREFIX=/home/brussell03/DRON/ros2_ws/install/custom_interfaces
[1.076s] -- The C compiler identification is GNU 11.4.0
[1.077s] -- The CXX compiler identification is GNU 11.4.0
[1.078s] -- Detecting C compiler ABI info
[1.078s] -- Detecting C compiler ABI info - done
[1.078s] -- Check for working C compiler: /usr/bin/cc - skipped
[1.078s] -- Detecting C compile features
[1.078s] -- Detecting C compile features - done
[1.079s] -- Detecting CXX compiler ABI info
[1.079s] -- Detecting CXX compiler ABI info - done
[1.079s] -- Check for working CXX compiler: /usr/bin/c++ - skipped
[1.079s] -- Detecting CXX compile features
[1.079s] -- Detecting CXX compile features - done
[1.079s] -- Found ament_cmake: 1.3.8 (/opt/ros/humble/share/ament_cmake/cmake)
[1.310s] -- Found Python3: /usr/bin/python3 (found version "3.10.12") found components: Interpreter 
[1.524s] -- Found rosidl_default_generators: 1.2.0 (/opt/ros/humble/share/rosidl_default_generators/cmake)
[1.541s] -- Using all available rosidl_typesupport_c: rosidl_typesupport_fastrtps_c;rosidl_typesupport_introspection_c
[1.564s] -- Found rosidl_adapter: 3.1.5 (/opt/ros/humble/share/rosidl_adapter/cmake)
[1.667s] -- Using all available rosidl_typesupport_cpp: rosidl_typesupport_fastrtps_cpp;rosidl_typesupport_introspection_cpp
[2.262s] -- Found ament_cmake_ros: 0.10.0 (/opt/ros/humble/share/ament_cmake_ros/cmake)
[2.655s] -- Using all available rosidl_typesupport_c: rosidl_typesupport_fastrtps_c;rosidl_typesupport_introspection_c
[3.154s] -- Using all available rosidl_typesupport_cpp: rosidl_typesupport_fastrtps_cpp;rosidl_typesupport_introspection_cpp
[3.202s] -- Found PythonInterp: /usr/bin/python3 (found suitable version "3.10.12", minimum required is "3.6") 
[3.208s] -- Found python_cmake_module: 0.10.0 (/opt/ros/humble/share/python_cmake_module/cmake)
[3.264s] -- Found PythonLibs: /usr/lib/x86_64-linux-gnu/libpython3.10.so (found suitable version "3.10.12", minimum required is "3.5") 
[3.264s] -- Using PYTHON_EXECUTABLE: /usr/bin/python3
[3.264s] -- Using PYTHON_INCLUDE_DIRS: /usr/include/python3.10
[3.264s] -- Using PYTHON_LIBRARIES: /usr/lib/x86_64-linux-gnu/libpython3.10.so
[3.311s] -- Found PythonExtra: .so  
[3.399s] -- Found ament_lint_auto: 0.12.10 (/opt/ros/humble/share/ament_lint_auto/cmake)
[3.455s] -- Added test 'lint_cmake' to check CMake code style
[3.457s] -- Added test 'xmllint' to check XML markup files
[3.463s] -- Configuring done
[3.506s] -- Generating done
[3.510s] -- Build files have been written to: /home/brussell03/DRON/ros2_ws/build/custom_interfaces
[3.519s] Invoked command in '/home/brussell03/DRON/ros2_ws/build/custom_interfaces' returned '0': CMAKE_PREFIX_PATH=${CMAKE_PREFIX_PATH}:/home/brussell03/DRON/ros2_ws/install/temperature:/home/brussell03/DRON/ros2_ws/install/gps:/home/brussell03/DRON/ros2_ws/install/thermal_cam:/home/brussell03/DRON/ros2_ws/install/IMU:/home/brussell03/DRON/ros2_ws/install/GPS:/home/brussell03/ros2_ws/install/robot_controller:/home/brussell03/ros2_ws/install/launch_testing_examples:/home/brussell03/ros2_ws/install/examples_rclpy_pointcloud_publisher:/home/brussell03/ros2_ws/install/examples_rclpy_minimal_subscriber:/home/brussell03/ros2_ws/install/examples_rclpy_minimal_service:/home/brussell03/ros2_ws/install/examples_rclpy_minimal_publisher:/home/brussell03/ros2_ws/install/examples_rclpy_minimal_client:/home/brussell03/ros2_ws/install/examples_rclpy_minimal_action_server:/home/brussell03/ros2_ws/install/examples_rclpy_minimal_action_client:/home/brussell03/ros2_ws/install/examples_rclpy_guard_conditions:/home/brussell03/ros2_ws/install/examples_rclpy_executors:/home/brussell03/ros2_ws/install/examples_rclcpp_minimal_action_server:/home/brussell03/ros2_ws/install/examples_rclcpp_minimal_action_client:/opt/ros/humble /usr/bin/cmake /home/brussell03/DRON/ros2_ws/src/custom_interfaces -DCMAKE_INSTALL_PREFIX=/home/brussell03/DRON/ros2_ws/install/custom_interfaces
[3.523s] Invoking command in '/home/brussell03/DRON/ros2_ws/build/custom_interfaces': CMAKE_PREFIX_PATH=${CMAKE_PREFIX_PATH}:/home/brussell03/DRON/ros2_ws/install/temperature:/home/brussell03/DRON/ros2_ws/install/gps:/home/brussell03/DRON/ros2_ws/install/thermal_cam:/home/brussell03/DRON/ros2_ws/install/IMU:/home/brussell03/DRON/ros2_ws/install/GPS:/home/brussell03/ros2_ws/install/robot_controller:/home/brussell03/ros2_ws/install/launch_testing_examples:/home/brussell03/ros2_ws/install/examples_rclpy_pointcloud_publisher:/home/brussell03/ros2_ws/install/examples_rclpy_minimal_subscriber:/home/brussell03/ros2_ws/install/examples_rclpy_minimal_service:/home/brussell03/ros2_ws/install/examples_rclpy_minimal_publisher:/home/brussell03/ros2_ws/install/examples_rclpy_minimal_client:/home/brussell03/ros2_ws/install/examples_rclpy_minimal_action_server:/home/brussell03/ros2_ws/install/examples_rclpy_minimal_action_client:/home/brussell03/ros2_ws/install/examples_rclpy_guard_conditions:/home/brussell03/ros2_ws/install/examples_rclpy_executors:/home/brussell03/ros2_ws/install/examples_rclcpp_minimal_action_server:/home/brussell03/ros2_ws/install/examples_rclcpp_minimal_action_client:/opt/ros/humble /usr/bin/cmake --build /home/brussell03/DRON/ros2_ws/build/custom_interfaces -- -j8 -l8
[3.593s] [  3%] [34m[1mGenerating C code for ROS interfaces[0m
[3.611s] [  6%] [34m[1mGenerating C++ code for ROS interfaces[0m
[3.627s] [  6%] Built target ament_cmake_python_copy_custom_interfaces
[4.073s] [  6%] Built target custom_interfaces__cpp
[4.083s] [  9%] [32mBuilding C object CMakeFiles/custom_interfaces__rosidl_generator_c.dir/rosidl_generator_c/custom_interfaces/msg/detail/latlong__functions.c.o[0m
[4.083s] running egg_info
[4.085s] creating custom_interfaces.egg-info
[4.085s] writing custom_interfaces.egg-info/PKG-INFO
[4.086s] writing dependency_links to custom_interfaces.egg-info/dependency_links.txt
[4.086s] writing top-level names to custom_interfaces.egg-info/top_level.txt
[4.086s] writing manifest file 'custom_interfaces.egg-info/SOURCES.txt'
[4.090s] reading manifest file 'custom_interfaces.egg-info/SOURCES.txt'
[4.091s] writing manifest file 'custom_interfaces.egg-info/SOURCES.txt'
[4.094s] [ 12%] [34m[1mGenerating C++ introspection for ROS interfaces[0m
[4.094s] [ 16%] [34m[1mGenerating C++ type support for eProsima Fast-RTPS[0m
[4.096s] [ 19%] [34m[1mGenerating C++ type support dispatch for ROS interfaces[0m
[4.137s] [ 19%] Built target ament_cmake_python_build_custom_interfaces_egg
[4.171s] [ 22%] [32m[1mLinking C shared library libcustom_interfaces__rosidl_generator_c.so[0m
[4.237s] [ 22%] Built target custom_interfaces__rosidl_generator_c
[4.259s] [ 25%] [34m[1mGenerating C introspection for ROS interfaces[0m
[4.261s] [ 29%] [34m[1mGenerating C type support for eProsima Fast-RTPS[0m
[4.263s] [ 32%] [34m[1mGenerating C type support dispatch for ROS interfaces[0m
[4.580s] [ 35%] [32mBuilding CXX object CMakeFiles/custom_interfaces__rosidl_typesupport_introspection_cpp.dir/rosidl_typesupport_introspection_cpp/custom_interfaces/msg/detail/latlong__type_support.cpp.o[0m
[4.581s] [ 38%] [32mBuilding CXX object CMakeFiles/custom_interfaces__rosidl_typesupport_fastrtps_cpp.dir/rosidl_typesupport_fastrtps_cpp/custom_interfaces/msg/detail/dds_fastrtps/latlong__type_support.cpp.o[0m
[4.776s] [ 41%] [32mBuilding CXX object CMakeFiles/custom_interfaces__rosidl_typesupport_cpp.dir/rosidl_typesupport_cpp/custom_interfaces/msg/latlong__type_support.cpp.o[0m
[4.926s] [ 45%] [32mBuilding CXX object CMakeFiles/custom_interfaces__rosidl_typesupport_c.dir/rosidl_typesupport_c/custom_interfaces/msg/latlong__type_support.cpp.o[0m
[4.982s] [ 48%] [32m[1mLinking CXX shared library libcustom_interfaces__rosidl_typesupport_c.so[0m
[5.048s] [ 51%] [32mBuilding C object CMakeFiles/custom_interfaces__rosidl_typesupport_introspection_c.dir/rosidl_typesupport_introspection_c/custom_interfaces/msg/detail/latlong__type_support.c.o[0m
[5.052s] [ 54%] [32mBuilding CXX object CMakeFiles/custom_interfaces__rosidl_typesupport_fastrtps_c.dir/rosidl_typesupport_fastrtps_c/custom_interfaces/msg/detail/latlong__type_support_c.cpp.o[0m
[5.095s] [ 54%] Built target custom_interfaces__rosidl_typesupport_c
[5.118s] [ 58%] [32m[1mLinking C shared library libcustom_interfaces__rosidl_typesupport_introspection_c.so[0m
[5.173s] [ 58%] Built target custom_interfaces__rosidl_typesupport_introspection_c
[5.272s] [ 61%] [32m[1mLinking CXX shared library libcustom_interfaces__rosidl_typesupport_introspection_cpp.so[0m
[5.348s] [ 61%] Built target custom_interfaces__rosidl_typesupport_introspection_cpp
[5.444s] [ 64%] [32m[1mLinking CXX shared library libcustom_interfaces__rosidl_typesupport_fastrtps_cpp.so[0m
[5.463s] [ 67%] [32m[1mLinking CXX shared library libcustom_interfaces__rosidl_typesupport_cpp.so[0m
[5.539s] [ 67%] Built target custom_interfaces__rosidl_typesupport_cpp
[5.577s] [ 67%] Built target custom_interfaces__rosidl_typesupport_fastrtps_cpp
[5.642s] [ 70%] [32m[1mLinking CXX shared library libcustom_interfaces__rosidl_typesupport_fastrtps_c.so[0m
[5.775s] [ 70%] Built target custom_interfaces__rosidl_typesupport_fastrtps_c
[5.811s] [ 70%] Built target custom_interfaces
[5.847s] [ 74%] [34m[1mGenerating Python code for ROS interfaces[0m
[6.392s] [ 74%] Built target custom_interfaces__py
[6.428s] [ 77%] [32mBuilding C object CMakeFiles/custom_interfaces__rosidl_generator_py.dir/rosidl_generator_py/custom_interfaces/msg/_latlong_s.c.o[0m
[6.604s] [ 80%] [32m[1mLinking C shared library rosidl_generator_py/custom_interfaces/libcustom_interfaces__rosidl_generator_py.so[0m
[6.676s] [ 80%] Built target custom_interfaces__rosidl_generator_py
[6.713s] [ 90%] [32mBuilding C object CMakeFiles/custom_interfaces__rosidl_typesupport_c__pyext.dir/rosidl_generator_py/custom_interfaces/_custom_interfaces_s.ep.rosidl_typesupport_c.c.o[0m
[6.713s] [ 90%] [32mBuilding C object CMakeFiles/custom_interfaces__rosidl_typesupport_introspection_c__pyext.dir/rosidl_generator_py/custom_interfaces/_custom_interfaces_s.ep.rosidl_typesupport_introspection_c.c.o[0m
[6.713s] [ 87%] [32mBuilding C object CMakeFiles/custom_interfaces__rosidl_typesupport_fastrtps_c__pyext.dir/rosidl_generator_py/custom_interfaces/_custom_interfaces_s.ep.rosidl_typesupport_fastrtps_c.c.o[0m
[6.870s] [ 93%] [32m[1mLinking C shared library rosidl_generator_py/custom_interfaces/custom_interfaces_s__rosidl_typesupport_c.cpython-310-x86_64-linux-gnu.so[0m
[6.870s] [ 96%] [32m[1mLinking C shared library rosidl_generator_py/custom_interfaces/custom_interfaces_s__rosidl_typesupport_introspection_c.cpython-310-x86_64-linux-gnu.so[0m
[6.875s] [100%] [32m[1mLinking C shared library rosidl_generator_py/custom_interfaces/custom_interfaces_s__rosidl_typesupport_fastrtps_c.cpython-310-x86_64-linux-gnu.so[0m
[6.928s] [100%] Built target custom_interfaces__rosidl_typesupport_c__pyext
[6.928s] [100%] Built target custom_interfaces__rosidl_typesupport_introspection_c__pyext
[6.934s] [100%] Built target custom_interfaces__rosidl_typesupport_fastrtps_c__pyext
[6.955s] Invoked command in '/home/brussell03/DRON/ros2_ws/build/custom_interfaces' returned '0': CMAKE_PREFIX_PATH=${CMAKE_PREFIX_PATH}:/home/brussell03/DRON/ros2_ws/install/temperature:/home/brussell03/DRON/ros2_ws/install/gps:/home/brussell03/DRON/ros2_ws/install/thermal_cam:/home/brussell03/DRON/ros2_ws/install/IMU:/home/brussell03/DRON/ros2_ws/install/GPS:/home/brussell03/ros2_ws/install/robot_controller:/home/brussell03/ros2_ws/install/launch_testing_examples:/home/brussell03/ros2_ws/install/examples_rclpy_pointcloud_publisher:/home/brussell03/ros2_ws/install/examples_rclpy_minimal_subscriber:/home/brussell03/ros2_ws/install/examples_rclpy_minimal_service:/home/brussell03/ros2_ws/install/examples_rclpy_minimal_publisher:/home/brussell03/ros2_ws/install/examples_rclpy_minimal_client:/home/brussell03/ros2_ws/install/examples_rclpy_minimal_action_server:/home/brussell03/ros2_ws/install/examples_rclpy_minimal_action_client:/home/brussell03/ros2_ws/install/examples_rclpy_guard_conditions:/home/brussell03/ros2_ws/install/examples_rclpy_executors:/home/brussell03/ros2_ws/install/examples_rclcpp_minimal_action_server:/home/brussell03/ros2_ws/install/examples_rclcpp_minimal_action_client:/opt/ros/humble /usr/bin/cmake --build /home/brussell03/DRON/ros2_ws/build/custom_interfaces -- -j8 -l8
[7.089s] Invoking command in '/home/brussell03/DRON/ros2_ws/build/custom_interfaces': CMAKE_PREFIX_PATH=${CMAKE_PREFIX_PATH}:/home/brussell03/DRON/ros2_ws/install/temperature:/home/brussell03/DRON/ros2_ws/install/gps:/home/brussell03/DRON/ros2_ws/install/thermal_cam:/home/brussell03/DRON/ros2_ws/install/IMU:/home/brussell03/DRON/ros2_ws/install/GPS:/home/brussell03/ros2_ws/install/robot_controller:/home/brussell03/ros2_ws/install/launch_testing_examples:/home/brussell03/ros2_ws/install/examples_rclpy_pointcloud_publisher:/home/brussell03/ros2_ws/install/examples_rclpy_minimal_subscriber:/home/brussell03/ros2_ws/install/examples_rclpy_minimal_service:/home/brussell03/ros2_ws/install/examples_rclpy_minimal_publisher:/home/brussell03/ros2_ws/install/examples_rclpy_minimal_client:/home/brussell03/ros2_ws/install/examples_rclpy_minimal_action_server:/home/brussell03/ros2_ws/install/examples_rclpy_minimal_action_client:/home/brussell03/ros2_ws/install/examples_rclpy_guard_conditions:/home/brussell03/ros2_ws/install/examples_rclpy_executors:/home/brussell03/ros2_ws/install/examples_rclcpp_minimal_action_server:/home/brussell03/ros2_ws/install/examples_rclcpp_minimal_action_client:/opt/ros/humble /usr/bin/cmake --install /home/brussell03/DRON/ros2_ws/build/custom_interfaces
[7.103s] -- Install configuration: ""
[7.103s] -- Installing: /home/brussell03/DRON/ros2_ws/install/custom_interfaces/share/ament_index/resource_index/rosidl_interfaces/custom_interfaces
[7.103s] -- Installing: /home/brussell03/DRON/ros2_ws/install/custom_interfaces/include/custom_interfaces/custom_interfaces
[7.103s] -- Installing: /home/brussell03/DRON/ros2_ws/install/custom_interfaces/include/custom_interfaces/custom_interfaces/msg
[7.103s] -- Installing: /home/brussell03/DRON/ros2_ws/install/custom_interfaces/include/custom_interfaces/custom_interfaces/msg/latlong.h
[7.104s] -- Installing: /home/brussell03/DRON/ros2_ws/install/custom_interfaces/include/custom_interfaces/custom_interfaces/msg/detail
[7.104s] -- Installing: /home/brussell03/DRON/ros2_ws/install/custom_interfaces/include/custom_interfaces/custom_interfaces/msg/detail/latlong__functions.h
[7.104s] -- Installing: /home/brussell03/DRON/ros2_ws/install/custom_interfaces/include/custom_interfaces/custom_interfaces/msg/detail/latlong__struct.h
[7.104s] -- Installing: /home/brussell03/DRON/ros2_ws/install/custom_interfaces/include/custom_interfaces/custom_interfaces/msg/detail/latlong__functions.c
[7.104s] -- Installing: /home/brussell03/DRON/ros2_ws/install/custom_interfaces/include/custom_interfaces/custom_interfaces/msg/detail/latlong__type_support.h
[7.104s] -- Installing: /home/brussell03/DRON/ros2_ws/install/custom_interfaces/include/custom_interfaces/custom_interfaces/msg/rosidl_generator_c__visibility_control.h
[7.104s] -- Installing: /home/brussell03/DRON/ros2_ws/install/custom_interfaces/share/custom_interfaces/environment/library_path.sh
[7.105s] -- Installing: /home/brussell03/DRON/ros2_ws/install/custom_interfaces/share/custom_interfaces/environment/library_path.dsv
[7.105s] -- Installing: /home/brussell03/DRON/ros2_ws/install/custom_interfaces/lib/libcustom_interfaces__rosidl_generator_c.so
[7.106s] -- Set runtime path of "/home/brussell03/DRON/ros2_ws/install/custom_interfaces/lib/libcustom_interfaces__rosidl_generator_c.so" to ""
[7.106s] -- Up-to-date: /home/brussell03/DRON/ros2_ws/install/custom_interfaces/include/custom_interfaces/custom_interfaces
[7.106s] -- Up-to-date: /home/brussell03/DRON/ros2_ws/install/custom_interfaces/include/custom_interfaces/custom_interfaces/msg
[7.106s] -- Installing: /home/brussell03/DRON/ros2_ws/install/custom_interfaces/include/custom_interfaces/custom_interfaces/msg/rosidl_typesupport_fastrtps_c__visibility_control.h
[7.106s] -- Up-to-date: /home/brussell03/DRON/ros2_ws/install/custom_interfaces/include/custom_interfaces/custom_interfaces/msg/detail
[7.106s] -- Installing: /home/brussell03/DRON/ros2_ws/install/custom_interfaces/include/custom_interfaces/custom_interfaces/msg/detail/latlong__rosidl_typesupport_fastrtps_c.h
[7.106s] -- Installing: /home/brussell03/DRON/ros2_ws/install/custom_interfaces/lib/libcustom_interfaces__rosidl_typesupport_fastrtps_c.so
[7.107s] -- Set runtime path of "/home/brussell03/DRON/ros2_ws/install/custom_interfaces/lib/libcustom_interfaces__rosidl_typesupport_fastrtps_c.so" to ""
[7.107s] -- Up-to-date: /home/brussell03/DRON/ros2_ws/install/custom_interfaces/include/custom_interfaces/custom_interfaces
[7.107s] -- Up-to-date: /home/brussell03/DRON/ros2_ws/install/custom_interfaces/include/custom_interfaces/custom_interfaces/msg
[7.107s] -- Installing: /home/brussell03/DRON/ros2_ws/install/custom_interfaces/include/custom_interfaces/custom_interfaces/msg/rosidl_typesupport_introspection_c__visibility_control.h
[7.107s] -- Up-to-date: /home/brussell03/DRON/ros2_ws/install/custom_interfaces/include/custom_interfaces/custom_interfaces/msg/detail
[7.107s] -- Installing: /home/brussell03/DRON/ros2_ws/install/custom_interfaces/include/custom_interfaces/custom_interfaces/msg/detail/latlong__type_support.c
[7.107s] -- Installing: /home/brussell03/DRON/ros2_ws/install/custom_interfaces/include/custom_interfaces/custom_interfaces/msg/detail/latlong__rosidl_typesupport_introspection_c.h
[7.107s] -- Installing: /home/brussell03/DRON/ros2_ws/install/custom_interfaces/lib/libcustom_interfaces__rosidl_typesupport_introspection_c.so
[7.108s] -- Set runtime path of "/home/brussell03/DRON/ros2_ws/install/custom_interfaces/lib/libcustom_interfaces__rosidl_typesupport_introspection_c.so" to ""
[7.108s] -- Installing: /home/brussell03/DRON/ros2_ws/install/custom_interfaces/lib/libcustom_interfaces__rosidl_typesupport_c.so
[7.108s] -- Set runtime path of "/home/brussell03/DRON/ros2_ws/install/custom_interfaces/lib/libcustom_interfaces__rosidl_typesupport_c.so" to ""
[7.108s] -- Up-to-date: /home/brussell03/DRON/ros2_ws/install/custom_interfaces/include/custom_interfaces/custom_interfaces
[7.108s] -- Up-to-date: /home/brussell03/DRON/ros2_ws/install/custom_interfaces/include/custom_interfaces/custom_interfaces/msg
[7.109s] -- Installing: /home/brussell03/DRON/ros2_ws/install/custom_interfaces/include/custom_interfaces/custom_interfaces/msg/latlong.hpp
[7.109s] -- Up-to-date: /home/brussell03/DRON/ros2_ws/install/custom_interfaces/include/custom_interfaces/custom_interfaces/msg/detail
[7.109s] -- Installing: /home/brussell03/DRON/ros2_ws/install/custom_interfaces/include/custom_interfaces/custom_interfaces/msg/detail/latlong__builder.hpp
[7.109s] -- Installing: /home/brussell03/DRON/ros2_ws/install/custom_interfaces/include/custom_interfaces/custom_interfaces/msg/detail/latlong__struct.hpp
[7.109s] -- Installing: /home/brussell03/DRON/ros2_ws/install/custom_interfaces/include/custom_interfaces/custom_interfaces/msg/detail/latlong__traits.hpp
[7.109s] -- Up-to-date: /home/brussell03/DRON/ros2_ws/install/custom_interfaces/include/custom_interfaces/custom_interfaces
[7.109s] -- Up-to-date: /home/brussell03/DRON/ros2_ws/install/custom_interfaces/include/custom_interfaces/custom_interfaces/msg
[7.110s] -- Up-to-date: /home/brussell03/DRON/ros2_ws/install/custom_interfaces/include/custom_interfaces/custom_interfaces/msg/detail
[7.110s] -- Installing: /home/brussell03/DRON/ros2_ws/install/custom_interfaces/include/custom_interfaces/custom_interfaces/msg/detail/latlong__rosidl_typesupport_fastrtps_cpp.hpp
[7.110s] -- Installing: /home/brussell03/DRON/ros2_ws/install/custom_interfaces/include/custom_interfaces/custom_interfaces/msg/detail/dds_fastrtps
[7.110s] -- Installing: /home/brussell03/DRON/ros2_ws/install/custom_interfaces/include/custom_interfaces/custom_interfaces/msg/rosidl_typesupport_fastrtps_cpp__visibility_control.h
[7.110s] -- Installing: /home/brussell03/DRON/ros2_ws/install/custom_interfaces/lib/libcustom_interfaces__rosidl_typesupport_fastrtps_cpp.so
[7.110s] -- Set runtime path of "/home/brussell03/DRON/ros2_ws/install/custom_interfaces/lib/libcustom_interfaces__rosidl_typesupport_fastrtps_cpp.so" to ""
[7.110s] -- Up-to-date: /home/brussell03/DRON/ros2_ws/install/custom_interfaces/include/custom_interfaces/custom_interfaces
[7.111s] -- Up-to-date: /home/brussell03/DRON/ros2_ws/install/custom_interfaces/include/custom_interfaces/custom_interfaces/msg
[7.111s] -- Up-to-date: /home/brussell03/DRON/ros2_ws/install/custom_interfaces/include/custom_interfaces/custom_interfaces/msg/detail
[7.111s] -- Installing: /home/brussell03/DRON/ros2_ws/install/custom_interfaces/include/custom_interfaces/custom_interfaces/msg/detail/latlong__type_support.cpp
[7.111s] -- Installing: /home/brussell03/DRON/ros2_ws/install/custom_interfaces/include/custom_interfaces/custom_interfaces/msg/detail/latlong__rosidl_typesupport_introspection_cpp.hpp
[7.111s] -- Installing: /home/brussell03/DRON/ros2_ws/install/custom_interfaces/lib/libcustom_interfaces__rosidl_typesupport_introspection_cpp.so
[7.111s] -- Set runtime path of "/home/brussell03/DRON/ros2_ws/install/custom_interfaces/lib/libcustom_interfaces__rosidl_typesupport_introspection_cpp.so" to ""
[7.111s] -- Installing: /home/brussell03/DRON/ros2_ws/install/custom_interfaces/lib/libcustom_interfaces__rosidl_typesupport_cpp.so
[7.112s] -- Set runtime path of "/home/brussell03/DRON/ros2_ws/install/custom_interfaces/lib/libcustom_interfaces__rosidl_typesupport_cpp.so" to ""
[7.112s] -- Installing: /home/brussell03/DRON/ros2_ws/install/custom_interfaces/share/custom_interfaces/environment/pythonpath.sh
[7.112s] -- Installing: /home/brussell03/DRON/ros2_ws/install/custom_interfaces/share/custom_interfaces/environment/pythonpath.dsv
[7.112s] -- Installing: /home/brussell03/DRON/ros2_ws/install/custom_interfaces/local/lib/python3.10/dist-packages/custom_interfaces-0.0.0-py3.10.egg-info
[7.112s] -- Installing: /home/brussell03/DRON/ros2_ws/install/custom_interfaces/local/lib/python3.10/dist-packages/custom_interfaces-0.0.0-py3.10.egg-info/PKG-INFO
[7.112s] -- Installing: /home/brussell03/DRON/ros2_ws/install/custom_interfaces/local/lib/python3.10/dist-packages/custom_interfaces-0.0.0-py3.10.egg-info/top_level.txt
[7.113s] -- Installing: /home/brussell03/DRON/ros2_ws/install/custom_interfaces/local/lib/python3.10/dist-packages/custom_interfaces-0.0.0-py3.10.egg-info/SOURCES.txt
[7.113s] -- Installing: /home/brussell03/DRON/ros2_ws/install/custom_interfaces/local/lib/python3.10/dist-packages/custom_interfaces-0.0.0-py3.10.egg-info/dependency_links.txt
[7.113s] -- Installing: /home/brussell03/DRON/ros2_ws/install/custom_interfaces/local/lib/python3.10/dist-packages/custom_interfaces
[7.113s] -- Installing: /home/brussell03/DRON/ros2_ws/install/custom_interfaces/local/lib/python3.10/dist-packages/custom_interfaces/_custom_interfaces_s.ep.rosidl_typesupport_c.c
[7.113s] -- Installing: /home/brussell03/DRON/ros2_ws/install/custom_interfaces/local/lib/python3.10/dist-packages/custom_interfaces/msg
[7.113s] -- Installing: /home/brussell03/DRON/ros2_ws/install/custom_interfaces/local/lib/python3.10/dist-packages/custom_interfaces/msg/__init__.py
[7.113s] -- Installing: /home/brussell03/DRON/ros2_ws/install/custom_interfaces/local/lib/python3.10/dist-packages/custom_interfaces/msg/_latlong_s.c
[7.114s] -- Installing: /home/brussell03/DRON/ros2_ws/install/custom_interfaces/local/lib/python3.10/dist-packages/custom_interfaces/msg/_latlong.py
[7.114s] -- Installing: /home/brussell03/DRON/ros2_ws/install/custom_interfaces/local/lib/python3.10/dist-packages/custom_interfaces/_custom_interfaces_s.ep.rosidl_typesupport_fastrtps_c.c
[7.114s] -- Installing: /home/brussell03/DRON/ros2_ws/install/custom_interfaces/local/lib/python3.10/dist-packages/custom_interfaces/__init__.py
[7.114s] -- Installing: /home/brussell03/DRON/ros2_ws/install/custom_interfaces/local/lib/python3.10/dist-packages/custom_interfaces/custom_interfaces_s__rosidl_typesupport_c.cpython-310-x86_64-linux-gnu.so
[7.114s] -- Installing: /home/brussell03/DRON/ros2_ws/install/custom_interfaces/local/lib/python3.10/dist-packages/custom_interfaces/custom_interfaces_s__rosidl_typesupport_fastrtps_c.cpython-310-x86_64-linux-gnu.so
[7.114s] -- Installing: /home/brussell03/DRON/ros2_ws/install/custom_interfaces/local/lib/python3.10/dist-packages/custom_interfaces/custom_interfaces_s__rosidl_typesupport_introspection_c.cpython-310-x86_64-linux-gnu.so
[7.114s] -- Installing: /home/brussell03/DRON/ros2_ws/install/custom_interfaces/local/lib/python3.10/dist-packages/custom_interfaces/_custom_interfaces_s.ep.rosidl_typesupport_introspection_c.c
[7.115s] -- Installing: /home/brussell03/DRON/ros2_ws/install/custom_interfaces/local/lib/python3.10/dist-packages/custom_interfaces/libcustom_interfaces__rosidl_generator_py.so
[7.191s] Listing '/home/brussell03/DRON/ros2_ws/install/custom_interfaces/local/lib/python3.10/dist-packages/custom_interfaces'...
[7.191s] Compiling '/home/brussell03/DRON/ros2_ws/install/custom_interfaces/local/lib/python3.10/dist-packages/custom_interfaces/__init__.py'...
[7.191s] Listing '/home/brussell03/DRON/ros2_ws/install/custom_interfaces/local/lib/python3.10/dist-packages/custom_interfaces/msg'...
[7.191s] Compiling '/home/brussell03/DRON/ros2_ws/install/custom_interfaces/local/lib/python3.10/dist-packages/custom_interfaces/msg/__init__.py'...
[7.191s] Compiling '/home/brussell03/DRON/ros2_ws/install/custom_interfaces/local/lib/python3.10/dist-packages/custom_interfaces/msg/_latlong.py'...
[7.199s] -- Installing: /home/brussell03/DRON/ros2_ws/install/custom_interfaces/local/lib/python3.10/dist-packages/custom_interfaces/custom_interfaces_s__rosidl_typesupport_fastrtps_c.cpython-310-x86_64-linux-gnu.so
[7.199s] -- Set runtime path of "/home/brussell03/DRON/ros2_ws/install/custom_interfaces/local/lib/python3.10/dist-packages/custom_interfaces/custom_interfaces_s__rosidl_typesupport_fastrtps_c.cpython-310-x86_64-linux-gnu.so" to ""
[7.199s] -- Installing: /home/brussell03/DRON/ros2_ws/install/custom_interfaces/local/lib/python3.10/dist-packages/custom_interfaces/custom_interfaces_s__rosidl_typesupport_introspection_c.cpython-310-x86_64-linux-gnu.so
[7.200s] -- Set runtime path of "/home/brussell03/DRON/ros2_ws/install/custom_interfaces/local/lib/python3.10/dist-packages/custom_interfaces/custom_interfaces_s__rosidl_typesupport_introspection_c.cpython-310-x86_64-linux-gnu.so" to ""
[7.200s] -- Installing: /home/brussell03/DRON/ros2_ws/install/custom_interfaces/local/lib/python3.10/dist-packages/custom_interfaces/custom_interfaces_s__rosidl_typesupport_c.cpython-310-x86_64-linux-gnu.so
[7.200s] -- Set runtime path of "/home/brussell03/DRON/ros2_ws/install/custom_interfaces/local/lib/python3.10/dist-packages/custom_interfaces/custom_interfaces_s__rosidl_typesupport_c.cpython-310-x86_64-linux-gnu.so" to ""
[7.200s] -- Installing: /home/brussell03/DRON/ros2_ws/install/custom_interfaces/lib/libcustom_interfaces__rosidl_generator_py.so
[7.201s] -- Set runtime path of "/home/brussell03/DRON/ros2_ws/install/custom_interfaces/lib/libcustom_interfaces__rosidl_generator_py.so" to ""
[7.201s] -- Installing: /home/brussell03/DRON/ros2_ws/install/custom_interfaces/share/custom_interfaces/msg/Latlong.idl
[7.201s] -- Installing: /home/brussell03/DRON/ros2_ws/install/custom_interfaces/share/custom_interfaces/msg/Latlong.msg
[7.202s] -- Installing: /home/brussell03/DRON/ros2_ws/install/custom_interfaces/share/ament_index/resource_index/package_run_dependencies/custom_interfaces
[7.202s] -- Installing: /home/brussell03/DRON/ros2_ws/install/custom_interfaces/share/ament_index/resource_index/parent_prefix_path/custom_interfaces
[7.202s] -- Installing: /home/brussell03/DRON/ros2_ws/install/custom_interfaces/share/custom_interfaces/environment/ament_prefix_path.sh
[7.202s] -- Installing: /home/brussell03/DRON/ros2_ws/install/custom_interfaces/share/custom_interfaces/environment/ament_prefix_path.dsv
[7.202s] -- Installing: /home/brussell03/DRON/ros2_ws/install/custom_interfaces/share/custom_interfaces/environment/path.sh
[7.202s] -- Installing: /home/brussell03/DRON/ros2_ws/install/custom_interfaces/share/custom_interfaces/environment/path.dsv
[7.202s] -- Installing: /home/brussell03/DRON/ros2_ws/install/custom_interfaces/share/custom_interfaces/local_setup.bash
[7.203s] -- Installing: /home/brussell03/DRON/ros2_ws/install/custom_interfaces/share/custom_interfaces/local_setup.sh
[7.203s] -- Installing: /home/brussell03/DRON/ros2_ws/install/custom_interfaces/share/custom_interfaces/local_setup.zsh
[7.203s] -- Installing: /home/brussell03/DRON/ros2_ws/install/custom_interfaces/share/custom_interfaces/local_setup.dsv
[7.203s] -- Installing: /home/brussell03/DRON/ros2_ws/install/custom_interfaces/share/custom_interfaces/package.dsv
[7.203s] -- Installing: /home/brussell03/DRON/ros2_ws/install/custom_interfaces/share/ament_index/resource_index/packages/custom_interfaces
[7.204s] -- Installing: /home/brussell03/DRON/ros2_ws/install/custom_interfaces/share/custom_interfaces/cmake/export_custom_interfaces__rosidl_generator_cExport.cmake
[7.204s] -- Installing: /home/brussell03/DRON/ros2_ws/install/custom_interfaces/share/custom_interfaces/cmake/export_custom_interfaces__rosidl_generator_cExport-noconfig.cmake
[7.204s] -- Installing: /home/brussell03/DRON/ros2_ws/install/custom_interfaces/share/custom_interfaces/cmake/export_custom_interfaces__rosidl_typesupport_fastrtps_cExport.cmake
[7.204s] -- Installing: /home/brussell03/DRON/ros2_ws/install/custom_interfaces/share/custom_interfaces/cmake/export_custom_interfaces__rosidl_typesupport_fastrtps_cExport-noconfig.cmake
[7.204s] -- Installing: /home/brussell03/DRON/ros2_ws/install/custom_interfaces/share/custom_interfaces/cmake/custom_interfaces__rosidl_typesupport_introspection_cExport.cmake
[7.205s] -- Installing: /home/brussell03/DRON/ros2_ws/install/custom_interfaces/share/custom_interfaces/cmake/custom_interfaces__rosidl_typesupport_introspection_cExport-noconfig.cmake
[7.205s] -- Installing: /home/brussell03/DRON/ros2_ws/install/custom_interfaces/share/custom_interfaces/cmake/custom_interfaces__rosidl_typesupport_cExport.cmake
[7.205s] -- Installing: /home/brussell03/DRON/ros2_ws/install/custom_interfaces/share/custom_interfaces/cmake/custom_interfaces__rosidl_typesupport_cExport-noconfig.cmake
[7.205s] -- Installing: /home/brussell03/DRON/ros2_ws/install/custom_interfaces/share/custom_interfaces/cmake/export_custom_interfaces__rosidl_generator_cppExport.cmake
[7.205s] -- Installing: /home/brussell03/DRON/ros2_ws/install/custom_interfaces/share/custom_interfaces/cmake/export_custom_interfaces__rosidl_typesupport_fastrtps_cppExport.cmake
[7.206s] -- Installing: /home/brussell03/DRON/ros2_ws/install/custom_interfaces/share/custom_interfaces/cmake/export_custom_interfaces__rosidl_typesupport_fastrtps_cppExport-noconfig.cmake
[7.206s] -- Installing: /home/brussell03/DRON/ros2_ws/install/custom_interfaces/share/custom_interfaces/cmake/custom_interfaces__rosidl_typesupport_introspection_cppExport.cmake
[7.206s] -- Installing: /home/brussell03/DRON/ros2_ws/install/custom_interfaces/share/custom_interfaces/cmake/custom_interfaces__rosidl_typesupport_introspection_cppExport-noconfig.cmake
[7.206s] -- Installing: /home/brussell03/DRON/ros2_ws/install/custom_interfaces/share/custom_interfaces/cmake/custom_interfaces__rosidl_typesupport_cppExport.cmake
[7.206s] -- Installing: /home/brussell03/DRON/ros2_ws/install/custom_interfaces/share/custom_interfaces/cmake/custom_interfaces__rosidl_typesupport_cppExport-noconfig.cmake
[7.206s] -- Installing: /home/brussell03/DRON/ros2_ws/install/custom_interfaces/share/custom_interfaces/cmake/export_custom_interfaces__rosidl_generator_pyExport.cmake
[7.207s] -- Installing: /home/brussell03/DRON/ros2_ws/install/custom_interfaces/share/custom_interfaces/cmake/export_custom_interfaces__rosidl_generator_pyExport-noconfig.cmake
[7.207s] -- Installing: /home/brussell03/DRON/ros2_ws/install/custom_interfaces/share/custom_interfaces/cmake/rosidl_cmake-extras.cmake
[7.207s] -- Installing: /home/brussell03/DRON/ros2_ws/install/custom_interfaces/share/custom_interfaces/cmake/ament_cmake_export_include_directories-extras.cmake
[7.207s] -- Installing: /home/brussell03/DRON/ros2_ws/install/custom_interfaces/share/custom_interfaces/cmake/ament_cmake_export_libraries-extras.cmake
[7.208s] -- Installing: /home/brussell03/DRON/ros2_ws/install/custom_interfaces/share/custom_interfaces/cmake/ament_cmake_export_targets-extras.cmake
[7.208s] -- Installing: /home/brussell03/DRON/ros2_ws/install/custom_interfaces/share/custom_interfaces/cmake/rosidl_cmake_export_typesupport_targets-extras.cmake
[7.208s] -- Installing: /home/brussell03/DRON/ros2_ws/install/custom_interfaces/share/custom_interfaces/cmake/ament_cmake_export_dependencies-extras.cmake
[7.208s] -- Installing: /home/brussell03/DRON/ros2_ws/install/custom_interfaces/share/custom_interfaces/cmake/rosidl_cmake_export_typesupport_libraries-extras.cmake
[7.208s] -- Installing: /home/brussell03/DRON/ros2_ws/install/custom_interfaces/share/custom_interfaces/cmake/custom_interfacesConfig.cmake
[7.208s] -- Installing: /home/brussell03/DRON/ros2_ws/install/custom_interfaces/share/custom_interfaces/cmake/custom_interfacesConfig-version.cmake
[7.209s] -- Installing: /home/brussell03/DRON/ros2_ws/install/custom_interfaces/share/custom_interfaces/package.xml
[7.212s] Invoked command in '/home/brussell03/DRON/ros2_ws/build/custom_interfaces' returned '0': CMAKE_PREFIX_PATH=${CMAKE_PREFIX_PATH}:/home/brussell03/DRON/ros2_ws/install/temperature:/home/brussell03/DRON/ros2_ws/install/gps:/home/brussell03/DRON/ros2_ws/install/thermal_cam:/home/brussell03/DRON/ros2_ws/install/IMU:/home/brussell03/DRON/ros2_ws/install/GPS:/home/brussell03/ros2_ws/install/robot_controller:/home/brussell03/ros2_ws/install/launch_testing_examples:/home/brussell03/ros2_ws/install/examples_rclpy_pointcloud_publisher:/home/brussell03/ros2_ws/install/examples_rclpy_minimal_subscriber:/home/brussell03/ros2_ws/install/examples_rclpy_minimal_service:/home/brussell03/ros2_ws/install/examples_rclpy_minimal_publisher:/home/brussell03/ros2_ws/install/examples_rclpy_minimal_client:/home/brussell03/ros2_ws/install/examples_rclpy_minimal_action_server:/home/brussell03/ros2_ws/install/examples_rclpy_minimal_action_client:/home/brussell03/ros2_ws/install/examples_rclpy_guard_conditions:/home/brussell03/ros2_ws/install/examples_rclpy_executors:/home/brussell03/ros2_ws/install/examples_rclcpp_minimal_action_server:/home/brussell03/ros2_ws/install/examples_rclcpp_minimal_action_client:/opt/ros/humble /usr/bin/cmake --install /home/brussell03/DRON/ros2_ws/build/custom_interfaces
