running egg_info
creating ../../build/thermal_cam/thermal_cam.egg-info
writing ../../build/thermal_cam/thermal_cam.egg-info/PKG-INFO
writing dependency_links to ../../build/thermal_cam/thermal_cam.egg-info/dependency_links.txt
writing entry points to ../../build/thermal_cam/thermal_cam.egg-info/entry_points.txt
writing requirements to ../../build/thermal_cam/thermal_cam.egg-info/requires.txt
writing top-level names to ../../build/thermal_cam/thermal_cam.egg-info/top_level.txt
writing manifest file '../../build/thermal_cam/thermal_cam.egg-info/SOURCES.txt'
reading manifest file '../../build/thermal_cam/thermal_cam.egg-info/SOURCES.txt'
adding license file 'LICENSE'
writing manifest file '../../build/thermal_cam/thermal_cam.egg-info/SOURCES.txt'
running build
running build_py
creating /home/jacob/Documents/DRON/ros2_ws/build/thermal_cam/build
creating /home/jacob/Documents/DRON/ros2_ws/build/thermal_cam/build/lib
creating /home/jacob/Documents/DRON/ros2_ws/build/thermal_cam/build/lib/thermal_cam
copying thermal_cam/thermal_cam.py -> /home/jacob/Documents/DRON/ros2_ws/build/thermal_cam/build/lib/thermal_cam
copying thermal_cam/__init__.py -> /home/jacob/Documents/DRON/ros2_ws/build/thermal_cam/build/lib/thermal_cam
running install
running install_lib
creating /home/jacob/Documents/DRON/ros2_ws/install/thermal_cam/lib/python3.10/site-packages/thermal_cam
copying /home/jacob/Documents/DRON/ros2_ws/build/thermal_cam/build/lib/thermal_cam/thermal_cam.py -> /home/jacob/Documents/DRON/ros2_ws/install/thermal_cam/lib/python3.10/site-packages/thermal_cam
copying /home/jacob/Documents/DRON/ros2_ws/build/thermal_cam/build/lib/thermal_cam/__init__.py -> /home/jacob/Documents/DRON/ros2_ws/install/thermal_cam/lib/python3.10/site-packages/thermal_cam
byte-compiling /home/jacob/Documents/DRON/ros2_ws/install/thermal_cam/lib/python3.10/site-packages/thermal_cam/thermal_cam.py to thermal_cam.cpython-310.pyc
byte-compiling /home/jacob/Documents/DRON/ros2_ws/install/thermal_cam/lib/python3.10/site-packages/thermal_cam/__init__.py to __init__.cpython-310.pyc
running install_data
creating /home/jacob/Documents/DRON/ros2_ws/install/thermal_cam/share/ament_index
creating /home/jacob/Documents/DRON/ros2_ws/install/thermal_cam/share/ament_index/resource_index
creating /home/jacob/Documents/DRON/ros2_ws/install/thermal_cam/share/ament_index/resource_index/packages
copying resource/thermal_cam -> /home/jacob/Documents/DRON/ros2_ws/install/thermal_cam/share/ament_index/resource_index/packages
copying package.xml -> /home/jacob/Documents/DRON/ros2_ws/install/thermal_cam/share/thermal_cam
running install_egg_info
Copying ../../build/thermal_cam/thermal_cam.egg-info to /home/jacob/Documents/DRON/ros2_ws/install/thermal_cam/lib/python3.10/site-packages/thermal_cam-0.0.0-py3.10.egg-info
running install_scripts
writing list of installed files to '/home/jacob/Documents/DRON/ros2_ws/build/thermal_cam/install.log'
