[1.731s] DEBUG:colcon:Command line arguments: ['/usr/bin/colcon', 'build']
[1.731s] DEBUG:colcon:Parsed command line arguments: Namespace(log_base=None, log_level=None, verb_name='build', build_base='build', install_base='install', merge_install=False, symlink_install=False, test_result_base=None, continue_on_error=False, executor='parallel', parallel_workers=8, event_handlers=None, ignore_user_meta=False, metas=['./colcon.meta'], base_paths=['.'], packages_ignore=None, packages_ignore_regex=None, paths=None, packages_up_to=None, packages_up_to_regex=None, packages_above=None, packages_above_and_dependencies=None, packages_above_depth=None, packages_select_by_dep=None, packages_skip_by_dep=None, packages_skip_up_to=None, packages_select_build_failed=False, packages_skip_build_finished=False, packages_select_test_failures=False, packages_skip_test_passed=False, packages_select=None, packages_skip=None, packages_select_regex=None, packages_skip_regex=None, packages_start=None, packages_end=None, allow_overriding=[], cmake_args=None, cmake_target=None, cmake_target_skip_unavailable=False, cmake_clean_cache=False, cmake_clean_first=False, cmake_force_configure=False, ament_cmake_args=None, catkin_cmake_args=None, catkin_skip_building_tests=False, verb_parser=<colcon_defaults.argument_parser.defaults.DefaultArgumentsDecorator object at 0x7feb90611c90>, verb_extension=<colcon_core.verb.build.BuildVerb object at 0x7feb90756fb0>, main=<bound method BuildVerb.main of <colcon_core.verb.build.BuildVerb object at 0x7feb90756fb0>>)
[1.816s] Level 1:colcon.colcon_core.package_discovery:discover_packages(colcon_meta) check parameters
[1.816s] Level 1:colcon.colcon_core.package_discovery:discover_packages(recursive) check parameters
[1.816s] Level 1:colcon.colcon_core.package_discovery:discover_packages(ignore) check parameters
[1.816s] Level 1:colcon.colcon_core.package_discovery:discover_packages(path) check parameters
[1.816s] Level 1:colcon.colcon_core.package_discovery:discover_packages(colcon_meta) discover
[1.816s] Level 1:colcon.colcon_core.package_discovery:discover_packages(recursive) discover
[1.816s] INFO:colcon.colcon_core.package_discovery:Crawling recursively for packages in '/home/brussell03/DRON/ros2_ws'
[1.817s] Level 1:colcon.colcon_core.package_identification:_identify(.) by extensions ['ignore', 'ignore_ament_install']
[1.817s] Level 1:colcon.colcon_core.package_identification:_identify(.) by extension 'ignore'
[1.817s] Level 1:colcon.colcon_core.package_identification:_identify(.) by extension 'ignore_ament_install'
[1.817s] Level 1:colcon.colcon_core.package_identification:_identify(.) by extensions ['colcon_pkg']
[1.817s] Level 1:colcon.colcon_core.package_identification:_identify(.) by extension 'colcon_pkg'
[1.817s] Level 1:colcon.colcon_core.package_identification:_identify(.) by extensions ['colcon_meta']
[1.817s] Level 1:colcon.colcon_core.package_identification:_identify(.) by extension 'colcon_meta'
[1.817s] Level 1:colcon.colcon_core.package_identification:_identify(.) by extensions ['ros']
[1.817s] Level 1:colcon.colcon_core.package_identification:_identify(.) by extension 'ros'
[1.838s] Level 1:colcon.colcon_core.package_identification:_identify(.) by extensions ['cmake', 'python']
[1.838s] Level 1:colcon.colcon_core.package_identification:_identify(.) by extension 'cmake'
[1.839s] Level 1:colcon.colcon_core.package_identification:_identify(.) by extension 'python'
[1.839s] Level 1:colcon.colcon_core.package_identification:_identify(.) by extensions ['python_setup_py']
[1.839s] Level 1:colcon.colcon_core.package_identification:_identify(.) by extension 'python_setup_py'
[1.839s] Level 1:colcon.colcon_core.package_identification:_identify(build) by extensions ['ignore', 'ignore_ament_install']
[1.839s] Level 1:colcon.colcon_core.package_identification:_identify(build) by extension 'ignore'
[1.839s] Level 1:colcon.colcon_core.package_identification:_identify(build) ignored
[1.839s] Level 1:colcon.colcon_core.package_identification:_identify(install) by extensions ['ignore', 'ignore_ament_install']
[1.840s] Level 1:colcon.colcon_core.package_identification:_identify(install) by extension 'ignore'
[1.840s] Level 1:colcon.colcon_core.package_identification:_identify(install) ignored
[1.840s] Level 1:colcon.colcon_core.package_identification:_identify(log) by extensions ['ignore', 'ignore_ament_install']
[1.840s] Level 1:colcon.colcon_core.package_identification:_identify(log) by extension 'ignore'
[1.840s] Level 1:colcon.colcon_core.package_identification:_identify(log) ignored
[1.840s] Level 1:colcon.colcon_core.package_identification:_identify(src) by extensions ['ignore', 'ignore_ament_install']
[1.841s] Level 1:colcon.colcon_core.package_identification:_identify(src) by extension 'ignore'
[1.841s] Level 1:colcon.colcon_core.package_identification:_identify(src) by extension 'ignore_ament_install'
[1.841s] Level 1:colcon.colcon_core.package_identification:_identify(src) by extensions ['colcon_pkg']
[1.841s] Level 1:colcon.colcon_core.package_identification:_identify(src) by extension 'colcon_pkg'
[1.841s] Level 1:colcon.colcon_core.package_identification:_identify(src) by extensions ['colcon_meta']
[1.841s] Level 1:colcon.colcon_core.package_identification:_identify(src) by extension 'colcon_meta'
[1.841s] Level 1:colcon.colcon_core.package_identification:_identify(src) by extensions ['ros']
[1.841s] Level 1:colcon.colcon_core.package_identification:_identify(src) by extension 'ros'
[1.841s] Level 1:colcon.colcon_core.package_identification:_identify(src) by extensions ['cmake', 'python']
[1.841s] Level 1:colcon.colcon_core.package_identification:_identify(src) by extension 'cmake'
[1.841s] Level 1:colcon.colcon_core.package_identification:_identify(src) by extension 'python'
[1.841s] Level 1:colcon.colcon_core.package_identification:_identify(src) by extensions ['python_setup_py']
[1.841s] Level 1:colcon.colcon_core.package_identification:_identify(src) by extension 'python_setup_py'
[1.842s] Level 1:colcon.colcon_core.package_identification:_identify(src/custom_interfaces) by extensions ['ignore', 'ignore_ament_install']
[1.842s] Level 1:colcon.colcon_core.package_identification:_identify(src/custom_interfaces) by extension 'ignore'
[1.842s] Level 1:colcon.colcon_core.package_identification:_identify(src/custom_interfaces) by extension 'ignore_ament_install'
[1.842s] Level 1:colcon.colcon_core.package_identification:_identify(src/custom_interfaces) by extensions ['colcon_pkg']
[1.842s] Level 1:colcon.colcon_core.package_identification:_identify(src/custom_interfaces) by extension 'colcon_pkg'
[1.842s] Level 1:colcon.colcon_core.package_identification:_identify(src/custom_interfaces) by extensions ['colcon_meta']
[1.842s] Level 1:colcon.colcon_core.package_identification:_identify(src/custom_interfaces) by extension 'colcon_meta'
[1.842s] Level 1:colcon.colcon_core.package_identification:_identify(src/custom_interfaces) by extensions ['ros']
[1.842s] Level 1:colcon.colcon_core.package_identification:_identify(src/custom_interfaces) by extension 'ros'
[1.847s] DEBUG:colcon.colcon_core.package_identification:Package 'src/custom_interfaces' with type 'ros.ament_cmake' and name 'custom_interfaces'
[1.847s] Level 1:colcon.colcon_core.package_identification:_identify(src/gps) by extensions ['ignore', 'ignore_ament_install']
[1.847s] Level 1:colcon.colcon_core.package_identification:_identify(src/gps) by extension 'ignore'
[1.847s] Level 1:colcon.colcon_core.package_identification:_identify(src/gps) by extension 'ignore_ament_install'
[1.847s] Level 1:colcon.colcon_core.package_identification:_identify(src/gps) by extensions ['colcon_pkg']
[1.848s] Level 1:colcon.colcon_core.package_identification:_identify(src/gps) by extension 'colcon_pkg'
[1.848s] Level 1:colcon.colcon_core.package_identification:_identify(src/gps) by extensions ['colcon_meta']
[1.848s] Level 1:colcon.colcon_core.package_identification:_identify(src/gps) by extension 'colcon_meta'
[1.848s] Level 1:colcon.colcon_core.package_identification:_identify(src/gps) by extensions ['ros']
[1.848s] Level 1:colcon.colcon_core.package_identification:_identify(src/gps) by extension 'ros'
[1.849s] DEBUG:colcon.colcon_core.package_identification:Package 'src/gps' with type 'ros.ament_python' and name 'gps'
[1.849s] Level 1:colcon.colcon_core.package_identification:_identify(src/temperature) by extensions ['ignore', 'ignore_ament_install']
[1.850s] Level 1:colcon.colcon_core.package_identification:_identify(src/temperature) by extension 'ignore'
[1.850s] Level 1:colcon.colcon_core.package_identification:_identify(src/temperature) by extension 'ignore_ament_install'
[1.850s] Level 1:colcon.colcon_core.package_identification:_identify(src/temperature) by extensions ['colcon_pkg']
[1.850s] Level 1:colcon.colcon_core.package_identification:_identify(src/temperature) by extension 'colcon_pkg'
[1.850s] Level 1:colcon.colcon_core.package_identification:_identify(src/temperature) by extensions ['colcon_meta']
[1.850s] Level 1:colcon.colcon_core.package_identification:_identify(src/temperature) by extension 'colcon_meta'
[1.850s] Level 1:colcon.colcon_core.package_identification:_identify(src/temperature) by extensions ['ros']
[1.850s] Level 1:colcon.colcon_core.package_identification:_identify(src/temperature) by extension 'ros'
[1.851s] DEBUG:colcon.colcon_core.package_identification:Package 'src/temperature' with type 'ros.ament_python' and name 'temperature'
[1.851s] Level 1:colcon.colcon_core.package_identification:_identify(src/thermal_cam) by extensions ['ignore', 'ignore_ament_install']
[1.852s] Level 1:colcon.colcon_core.package_identification:_identify(src/thermal_cam) by extension 'ignore'
[1.852s] Level 1:colcon.colcon_core.package_identification:_identify(src/thermal_cam) by extension 'ignore_ament_install'
[1.852s] Level 1:colcon.colcon_core.package_identification:_identify(src/thermal_cam) by extensions ['colcon_pkg']
[1.852s] Level 1:colcon.colcon_core.package_identification:_identify(src/thermal_cam) by extension 'colcon_pkg'
[1.852s] Level 1:colcon.colcon_core.package_identification:_identify(src/thermal_cam) by extensions ['colcon_meta']
[1.852s] Level 1:colcon.colcon_core.package_identification:_identify(src/thermal_cam) by extension 'colcon_meta'
[1.852s] Level 1:colcon.colcon_core.package_identification:_identify(src/thermal_cam) by extensions ['ros']
[1.852s] Level 1:colcon.colcon_core.package_identification:_identify(src/thermal_cam) by extension 'ros'
[1.855s] DEBUG:colcon.colcon_core.package_identification:Package 'src/thermal_cam' with type 'ros.ament_python' and name 'thermal_cam'
[1.855s] Level 1:colcon.colcon_core.package_discovery:discover_packages(recursive) using defaults
[1.855s] Level 1:colcon.colcon_core.package_discovery:discover_packages(ignore) discover
[1.855s] Level 1:colcon.colcon_core.package_discovery:discover_packages(ignore) using defaults
[1.855s] Level 1:colcon.colcon_core.package_discovery:discover_packages(path) discover
[1.855s] Level 1:colcon.colcon_core.package_discovery:discover_packages(path) using defaults
[2.016s] Level 1:colcon.colcon_core.package_discovery:discover_packages(prefix_path) check parameters
[2.016s] Level 1:colcon.colcon_core.package_discovery:discover_packages(prefix_path) discover
[2.042s] WARNING:colcon.colcon_ros.prefix_path.ament:The path '/home/brussell03/DRON/ros2_ws/install/temperature' in the environment variable AMENT_PREFIX_PATH doesn't exist
[2.042s] WARNING:colcon.colcon_ros.prefix_path.ament:The path '/home/brussell03/DRON/ros2_ws/install/gps' in the environment variable AMENT_PREFIX_PATH doesn't exist
[2.042s] WARNING:colcon.colcon_ros.prefix_path.ament:The path '/home/brussell03/DRON/ros2_ws/install/custom_interfaces' in the environment variable AMENT_PREFIX_PATH doesn't exist
[2.042s] WARNING:colcon.colcon_ros.prefix_path.ament:The path '/home/brussell03/DRON/ros2_ws/install/IMU' in the environment variable AMENT_PREFIX_PATH doesn't exist
[2.042s] WARNING:colcon.colcon_ros.prefix_path.ament:The path '/home/brussell03/DRON/ros2_ws/install/GPS' in the environment variable AMENT_PREFIX_PATH doesn't exist
[2.043s] WARNING:colcon.colcon_ros.prefix_path.catkin:The path '/home/brussell03/DRON/ros2_ws/install/custom_interfaces' in the environment variable CMAKE_PREFIX_PATH doesn't exist
[2.069s] DEBUG:colcon.colcon_installed_package_information.package_discovery:Found 1 installed packages in /home/brussell03/DRON/ros2_ws/install
[2.095s] DEBUG:colcon.colcon_installed_package_information.package_discovery:Found 26 installed packages in /home/brussell03/ros2_ws/install
[2.122s] DEBUG:colcon.colcon_installed_package_information.package_discovery:Found 270 installed packages in /opt/ros/humble
[2.126s] Level 1:colcon.colcon_core.package_discovery:discover_packages(prefix_path) using defaults
[2.309s] Level 5:colcon.colcon_core.verb:set package 'custom_interfaces' build argument 'cmake_args' from command line to 'None'
[2.309s] Level 5:colcon.colcon_core.verb:set package 'custom_interfaces' build argument 'cmake_target' from command line to 'None'
[2.309s] Level 5:colcon.colcon_core.verb:set package 'custom_interfaces' build argument 'cmake_target_skip_unavailable' from command line to 'False'
[2.309s] Level 5:colcon.colcon_core.verb:set package 'custom_interfaces' build argument 'cmake_clean_cache' from command line to 'False'
[2.309s] Level 5:colcon.colcon_core.verb:set package 'custom_interfaces' build argument 'cmake_clean_first' from command line to 'False'
[2.309s] Level 5:colcon.colcon_core.verb:set package 'custom_interfaces' build argument 'cmake_force_configure' from command line to 'False'
[2.309s] Level 5:colcon.colcon_core.verb:set package 'custom_interfaces' build argument 'ament_cmake_args' from command line to 'None'
[2.309s] Level 5:colcon.colcon_core.verb:set package 'custom_interfaces' build argument 'catkin_cmake_args' from command line to 'None'
[2.309s] Level 5:colcon.colcon_core.verb:set package 'custom_interfaces' build argument 'catkin_skip_building_tests' from command line to 'False'
[2.309s] DEBUG:colcon.colcon_core.verb:Building package 'custom_interfaces' with the following arguments: {'ament_cmake_args': None, 'build_base': '/home/brussell03/DRON/ros2_ws/build/custom_interfaces', 'catkin_cmake_args': None, 'catkin_skip_building_tests': False, 'cmake_args': None, 'cmake_clean_cache': False, 'cmake_clean_first': False, 'cmake_force_configure': False, 'cmake_target': None, 'cmake_target_skip_unavailable': False, 'install_base': '/home/brussell03/DRON/ros2_ws/install/custom_interfaces', 'merge_install': False, 'path': '/home/brussell03/DRON/ros2_ws/src/custom_interfaces', 'symlink_install': False, 'test_result_base': None}
[2.335s] Level 5:colcon.colcon_core.verb:set package 'temperature' build argument 'cmake_args' from command line to 'None'
[2.335s] Level 5:colcon.colcon_core.verb:set package 'temperature' build argument 'cmake_target' from command line to 'None'
[2.335s] Level 5:colcon.colcon_core.verb:set package 'temperature' build argument 'cmake_target_skip_unavailable' from command line to 'False'
[2.335s] Level 5:colcon.colcon_core.verb:set package 'temperature' build argument 'cmake_clean_cache' from command line to 'False'
[2.335s] Level 5:colcon.colcon_core.verb:set package 'temperature' build argument 'cmake_clean_first' from command line to 'False'
[2.336s] Level 5:colcon.colcon_core.verb:set package 'temperature' build argument 'cmake_force_configure' from command line to 'False'
[2.336s] Level 5:colcon.colcon_core.verb:set package 'temperature' build argument 'ament_cmake_args' from command line to 'None'
[2.336s] Level 5:colcon.colcon_core.verb:set package 'temperature' build argument 'catkin_cmake_args' from command line to 'None'
[2.336s] Level 5:colcon.colcon_core.verb:set package 'temperature' build argument 'catkin_skip_building_tests' from command line to 'False'
[2.336s] DEBUG:colcon.colcon_core.verb:Building package 'temperature' with the following arguments: {'ament_cmake_args': None, 'build_base': '/home/brussell03/DRON/ros2_ws/build/temperature', 'catkin_cmake_args': None, 'catkin_skip_building_tests': False, 'cmake_args': None, 'cmake_clean_cache': False, 'cmake_clean_first': False, 'cmake_force_configure': False, 'cmake_target': None, 'cmake_target_skip_unavailable': False, 'install_base': '/home/brussell03/DRON/ros2_ws/install/temperature', 'merge_install': False, 'path': '/home/brussell03/DRON/ros2_ws/src/temperature', 'symlink_install': False, 'test_result_base': None}
[2.360s] Level 5:colcon.colcon_core.verb:set package 'thermal_cam' build argument 'cmake_args' from command line to 'None'
[2.361s] Level 5:colcon.colcon_core.verb:set package 'thermal_cam' build argument 'cmake_target' from command line to 'None'
[2.361s] Level 5:colcon.colcon_core.verb:set package 'thermal_cam' build argument 'cmake_target_skip_unavailable' from command line to 'False'
[2.361s] Level 5:colcon.colcon_core.verb:set package 'thermal_cam' build argument 'cmake_clean_cache' from command line to 'False'
[2.361s] Level 5:colcon.colcon_core.verb:set package 'thermal_cam' build argument 'cmake_clean_first' from command line to 'False'
[2.361s] Level 5:colcon.colcon_core.verb:set package 'thermal_cam' build argument 'cmake_force_configure' from command line to 'False'
[2.361s] Level 5:colcon.colcon_core.verb:set package 'thermal_cam' build argument 'ament_cmake_args' from command line to 'None'
[2.361s] Level 5:colcon.colcon_core.verb:set package 'thermal_cam' build argument 'catkin_cmake_args' from command line to 'None'
[2.361s] Level 5:colcon.colcon_core.verb:set package 'thermal_cam' build argument 'catkin_skip_building_tests' from command line to 'False'
[2.361s] DEBUG:colcon.colcon_core.verb:Building package 'thermal_cam' with the following arguments: {'ament_cmake_args': None, 'build_base': '/home/brussell03/DRON/ros2_ws/build/thermal_cam', 'catkin_cmake_args': None, 'catkin_skip_building_tests': False, 'cmake_args': None, 'cmake_clean_cache': False, 'cmake_clean_first': False, 'cmake_force_configure': False, 'cmake_target': None, 'cmake_target_skip_unavailable': False, 'install_base': '/home/brussell03/DRON/ros2_ws/install/thermal_cam', 'merge_install': False, 'path': '/home/brussell03/DRON/ros2_ws/src/thermal_cam', 'symlink_install': False, 'test_result_base': None}
[2.384s] Level 5:colcon.colcon_core.verb:set package 'gps' build argument 'cmake_args' from command line to 'None'
[2.385s] Level 5:colcon.colcon_core.verb:set package 'gps' build argument 'cmake_target' from command line to 'None'
[2.385s] Level 5:colcon.colcon_core.verb:set package 'gps' build argument 'cmake_target_skip_unavailable' from command line to 'False'
[2.385s] Level 5:colcon.colcon_core.verb:set package 'gps' build argument 'cmake_clean_cache' from command line to 'False'
[2.385s] Level 5:colcon.colcon_core.verb:set package 'gps' build argument 'cmake_clean_first' from command line to 'False'
[2.385s] Level 5:colcon.colcon_core.verb:set package 'gps' build argument 'cmake_force_configure' from command line to 'False'
[2.385s] Level 5:colcon.colcon_core.verb:set package 'gps' build argument 'ament_cmake_args' from command line to 'None'
[2.385s] Level 5:colcon.colcon_core.verb:set package 'gps' build argument 'catkin_cmake_args' from command line to 'None'
[2.385s] Level 5:colcon.colcon_core.verb:set package 'gps' build argument 'catkin_skip_building_tests' from command line to 'False'
[2.385s] DEBUG:colcon.colcon_core.verb:Building package 'gps' with the following arguments: {'ament_cmake_args': None, 'build_base': '/home/brussell03/DRON/ros2_ws/build/gps', 'catkin_cmake_args': None, 'catkin_skip_building_tests': False, 'cmake_args': None, 'cmake_clean_cache': False, 'cmake_clean_first': False, 'cmake_force_configure': False, 'cmake_target': None, 'cmake_target_skip_unavailable': False, 'install_base': '/home/brussell03/DRON/ros2_ws/install/gps', 'merge_install': False, 'path': '/home/brussell03/DRON/ros2_ws/src/gps', 'symlink_install': False, 'test_result_base': None}
[2.408s] INFO:colcon.colcon_core.executor:Executing jobs using 'parallel' executor
[2.433s] DEBUG:colcon.colcon_parallel_executor.executor.parallel:run_until_complete
[2.433s] INFO:colcon.colcon_ros.task.ament_cmake.build:Building ROS package in '/home/brussell03/DRON/ros2_ws/src/custom_interfaces' with build type 'ament_cmake'
[2.433s] INFO:colcon.colcon_cmake.task.cmake.build:Building CMake package in '/home/brussell03/DRON/ros2_ws/src/custom_interfaces'
[2.462s] INFO:colcon.colcon_core.plugin_system:Skipping extension 'colcon_core.shell.bat': Not used on non-Windows systems
[2.462s] INFO:colcon.colcon_core.shell:Skip shell extension 'powershell' for command environment: Not usable outside of PowerShell
[2.462s] DEBUG:colcon.colcon_core.shell:Skip shell extension 'dsv' for command environment
[2.568s] INFO:colcon.colcon_ros.task.ament_python.build:Building ROS package in '/home/brussell03/DRON/ros2_ws/src/temperature' with build type 'ament_python'
[2.569s] Level 1:colcon.colcon_core.shell:create_environment_hook('temperature', 'ament_prefix_path')
[2.595s] INFO:colcon.colcon_core.shell:Creating environment hook '/home/brussell03/DRON/ros2_ws/install/temperature/share/temperature/hook/ament_prefix_path.ps1'
[2.596s] INFO:colcon.colcon_core.shell:Creating environment descriptor '/home/brussell03/DRON/ros2_ws/install/temperature/share/temperature/hook/ament_prefix_path.dsv'
[2.597s] INFO:colcon.colcon_core.shell:Creating environment hook '/home/brussell03/DRON/ros2_ws/install/temperature/share/temperature/hook/ament_prefix_path.sh'
[2.624s] INFO:colcon.colcon_core.shell:Skip shell extension 'powershell' for command environment: Not usable outside of PowerShell
[2.624s] DEBUG:colcon.colcon_core.shell:Skip shell extension 'dsv' for command environment
[2.738s] INFO:colcon.colcon_ros.task.ament_python.build:Building ROS package in '/home/brussell03/DRON/ros2_ws/src/thermal_cam' with build type 'ament_python'
[2.738s] Level 1:colcon.colcon_core.shell:create_environment_hook('thermal_cam', 'ament_prefix_path')
[2.764s] INFO:colcon.colcon_core.shell:Creating environment hook '/home/brussell03/DRON/ros2_ws/install/thermal_cam/share/thermal_cam/hook/ament_prefix_path.ps1'
[2.764s] INFO:colcon.colcon_core.shell:Creating environment descriptor '/home/brussell03/DRON/ros2_ws/install/thermal_cam/share/thermal_cam/hook/ament_prefix_path.dsv'
[2.765s] INFO:colcon.colcon_core.shell:Creating environment hook '/home/brussell03/DRON/ros2_ws/install/thermal_cam/share/thermal_cam/hook/ament_prefix_path.sh'
[2.793s] INFO:colcon.colcon_core.shell:Skip shell extension 'powershell' for command environment: Not usable outside of PowerShell
[2.793s] DEBUG:colcon.colcon_core.shell:Skip shell extension 'dsv' for command environment
[2.911s] DEBUG:colcon.colcon_core.event_handler.log_command:Invoking command in '/home/brussell03/DRON/ros2_ws/build/custom_interfaces': CMAKE_PREFIX_PATH=${CMAKE_PREFIX_PATH}:/home/brussell03/DRON/ros2_ws/install/temperature:/home/brussell03/DRON/ros2_ws/install/gps:/home/brussell03/DRON/ros2_ws/install/thermal_cam:/home/brussell03/DRON/ros2_ws/install/IMU:/home/brussell03/DRON/ros2_ws/install/GPS:/home/brussell03/ros2_ws/install/robot_controller:/home/brussell03/ros2_ws/install/launch_testing_examples:/home/brussell03/ros2_ws/install/examples_rclpy_pointcloud_publisher:/home/brussell03/ros2_ws/install/examples_rclpy_minimal_subscriber:/home/brussell03/ros2_ws/install/examples_rclpy_minimal_service:/home/brussell03/ros2_ws/install/examples_rclpy_minimal_publisher:/home/brussell03/ros2_ws/install/examples_rclpy_minimal_client:/home/brussell03/ros2_ws/install/examples_rclpy_minimal_action_server:/home/brussell03/ros2_ws/install/examples_rclpy_minimal_action_client:/home/brussell03/ros2_ws/install/examples_rclpy_guard_conditions:/home/brussell03/ros2_ws/install/examples_rclpy_executors:/home/brussell03/ros2_ws/install/examples_rclcpp_minimal_action_server:/home/brussell03/ros2_ws/install/examples_rclcpp_minimal_action_client:/opt/ros/humble /usr/bin/cmake /home/brussell03/DRON/ros2_ws/src/custom_interfaces -DCMAKE_INSTALL_PREFIX=/home/brussell03/DRON/ros2_ws/install/custom_interfaces
[3.374s] INFO:colcon.colcon_core.task.python.build:Building Python package in '/home/brussell03/DRON/ros2_ws/src/temperature'
[3.401s] INFO:colcon.colcon_core.shell:Skip shell extension 'powershell' for command environment: Not usable outside of PowerShell
[3.401s] DEBUG:colcon.colcon_core.shell:Skip shell extension 'dsv' for command environment
[3.968s] INFO:colcon.colcon_core.task.python.build:Building Python package in '/home/brussell03/DRON/ros2_ws/src/thermal_cam'
[3.996s] INFO:colcon.colcon_core.shell:Skip shell extension 'powershell' for command environment: Not usable outside of PowerShell
[3.996s] DEBUG:colcon.colcon_core.shell:Skip shell extension 'dsv' for command environment
[4.701s] DEBUG:colcon.colcon_core.event_handler.log_command:Invoking command in '/home/brussell03/DRON/ros2_ws/src/thermal_cam': PYTHONPATH=/home/brussell03/DRON/ros2_ws/build/thermal_cam/prefix_override:/home/brussell03/DRON/ros2_ws/install/thermal_cam/lib/python3.10/site-packages:${PYTHONPATH} /usr/bin/python3 setup.py egg_info --egg-base ../../build/thermal_cam build --build-base /home/brussell03/DRON/ros2_ws/build/thermal_cam/build install --record /home/brussell03/DRON/ros2_ws/build/thermal_cam/install.log --single-version-externally-managed
[4.709s] DEBUG:colcon.colcon_core.event_handler.log_command:Invoking command in '/home/brussell03/DRON/ros2_ws/src/temperature': PYTHONPATH=/home/brussell03/DRON/ros2_ws/build/temperature/prefix_override:/home/brussell03/DRON/ros2_ws/install/temperature/lib/python3.10/site-packages:${PYTHONPATH} /usr/bin/python3 setup.py egg_info --egg-base ../../build/temperature build --build-base /home/brussell03/DRON/ros2_ws/build/temperature/build install --record /home/brussell03/DRON/ros2_ws/build/temperature/install.log --single-version-externally-managed
[5.245s] DEBUG:colcon.colcon_core.event_handler.log_command:Invoked command in '/home/brussell03/DRON/ros2_ws/src/thermal_cam' returned '0': PYTHONPATH=/home/brussell03/DRON/ros2_ws/build/thermal_cam/prefix_override:/home/brussell03/DRON/ros2_ws/install/thermal_cam/lib/python3.10/site-packages:${PYTHONPATH} /usr/bin/python3 setup.py egg_info --egg-base ../../build/thermal_cam build --build-base /home/brussell03/DRON/ros2_ws/build/thermal_cam/build install --record /home/brussell03/DRON/ros2_ws/build/thermal_cam/install.log --single-version-externally-managed
[5.279s] Level 1:colcon.colcon_core.environment:checking '/home/brussell03/DRON/ros2_ws/install/thermal_cam' for CMake module files
[5.280s] Level 1:colcon.colcon_core.environment:checking '/home/brussell03/DRON/ros2_ws/install/thermal_cam' for CMake config files
[5.281s] Level 1:colcon.colcon_core.environment:checking '/home/brussell03/DRON/ros2_ws/install/thermal_cam/lib'
[5.282s] Level 1:colcon.colcon_core.environment:checking '/home/brussell03/DRON/ros2_ws/install/thermal_cam/bin'
[5.282s] Level 1:colcon.colcon_core.environment:checking '/home/brussell03/DRON/ros2_ws/install/thermal_cam/lib/pkgconfig/thermal_cam.pc'
[5.282s] Level 1:colcon.colcon_core.environment:checking '/home/brussell03/DRON/ros2_ws/install/thermal_cam/lib/python3.10/site-packages'
[5.282s] Level 1:colcon.colcon_core.shell:create_environment_hook('thermal_cam', 'pythonpath')
[5.309s] INFO:colcon.colcon_core.shell:Creating environment hook '/home/brussell03/DRON/ros2_ws/install/thermal_cam/share/thermal_cam/hook/pythonpath.ps1'
[5.310s] INFO:colcon.colcon_core.shell:Creating environment descriptor '/home/brussell03/DRON/ros2_ws/install/thermal_cam/share/thermal_cam/hook/pythonpath.dsv'
[5.311s] INFO:colcon.colcon_core.shell:Creating environment hook '/home/brussell03/DRON/ros2_ws/install/thermal_cam/share/thermal_cam/hook/pythonpath.sh'
[5.312s] Level 1:colcon.colcon_core.environment:checking '/home/brussell03/DRON/ros2_ws/install/thermal_cam/bin'
[5.312s] Level 1:colcon.colcon_core.environment:create_environment_scripts_only(thermal_cam)
[5.338s] INFO:colcon.colcon_core.shell:Creating package script '/home/brussell03/DRON/ros2_ws/install/thermal_cam/share/thermal_cam/package.ps1'
[5.339s] INFO:colcon.colcon_core.shell:Creating package descriptor '/home/brussell03/DRON/ros2_ws/install/thermal_cam/share/thermal_cam/package.dsv'
[5.340s] INFO:colcon.colcon_core.shell:Creating package script '/home/brussell03/DRON/ros2_ws/install/thermal_cam/share/thermal_cam/package.sh'
[5.341s] INFO:colcon.colcon_core.shell:Creating package script '/home/brussell03/DRON/ros2_ws/install/thermal_cam/share/thermal_cam/package.bash'
[5.342s] INFO:colcon.colcon_core.shell:Creating package script '/home/brussell03/DRON/ros2_ws/install/thermal_cam/share/thermal_cam/package.zsh'
[5.343s] Level 1:colcon.colcon_core.environment:create_file_with_runtime_dependencies(/home/brussell03/DRON/ros2_ws/install/thermal_cam/share/colcon-core/packages/thermal_cam)
[5.348s] DEBUG:colcon.colcon_core.event_handler.log_command:Invoked command in '/home/brussell03/DRON/ros2_ws/src/temperature' returned '0': PYTHONPATH=/home/brussell03/DRON/ros2_ws/build/temperature/prefix_override:/home/brussell03/DRON/ros2_ws/install/temperature/lib/python3.10/site-packages:${PYTHONPATH} /usr/bin/python3 setup.py egg_info --egg-base ../../build/temperature build --build-base /home/brussell03/DRON/ros2_ws/build/temperature/build install --record /home/brussell03/DRON/ros2_ws/build/temperature/install.log --single-version-externally-managed
[5.372s] Level 1:colcon.colcon_core.environment:checking '/home/brussell03/DRON/ros2_ws/install/temperature' for CMake module files
[5.373s] Level 1:colcon.colcon_core.environment:checking '/home/brussell03/DRON/ros2_ws/install/temperature' for CMake config files
[5.374s] Level 1:colcon.colcon_core.environment:checking '/home/brussell03/DRON/ros2_ws/install/temperature/lib'
[5.374s] Level 1:colcon.colcon_core.environment:checking '/home/brussell03/DRON/ros2_ws/install/temperature/bin'
[5.374s] Level 1:colcon.colcon_core.environment:checking '/home/brussell03/DRON/ros2_ws/install/temperature/lib/pkgconfig/temperature.pc'
[5.375s] Level 1:colcon.colcon_core.environment:checking '/home/brussell03/DRON/ros2_ws/install/temperature/lib/python3.10/site-packages'
[5.375s] Level 1:colcon.colcon_core.shell:create_environment_hook('temperature', 'pythonpath')
[5.400s] INFO:colcon.colcon_core.shell:Creating environment hook '/home/brussell03/DRON/ros2_ws/install/temperature/share/temperature/hook/pythonpath.ps1'
[5.401s] INFO:colcon.colcon_core.shell:Creating environment descriptor '/home/brussell03/DRON/ros2_ws/install/temperature/share/temperature/hook/pythonpath.dsv'
[5.401s] INFO:colcon.colcon_core.shell:Creating environment hook '/home/brussell03/DRON/ros2_ws/install/temperature/share/temperature/hook/pythonpath.sh'
[5.402s] Level 1:colcon.colcon_core.environment:checking '/home/brussell03/DRON/ros2_ws/install/temperature/bin'
[5.402s] Level 1:colcon.colcon_core.environment:create_environment_scripts_only(temperature)
[5.427s] INFO:colcon.colcon_core.shell:Creating package script '/home/brussell03/DRON/ros2_ws/install/temperature/share/temperature/package.ps1'
[5.428s] INFO:colcon.colcon_core.shell:Creating package descriptor '/home/brussell03/DRON/ros2_ws/install/temperature/share/temperature/package.dsv'
[5.429s] INFO:colcon.colcon_core.shell:Creating package script '/home/brussell03/DRON/ros2_ws/install/temperature/share/temperature/package.sh'
[5.429s] INFO:colcon.colcon_core.shell:Creating package script '/home/brussell03/DRON/ros2_ws/install/temperature/share/temperature/package.bash'
[5.430s] INFO:colcon.colcon_core.shell:Creating package script '/home/brussell03/DRON/ros2_ws/install/temperature/share/temperature/package.zsh'
[5.430s] Level 1:colcon.colcon_core.environment:create_file_with_runtime_dependencies(/home/brussell03/DRON/ros2_ws/install/temperature/share/colcon-core/packages/temperature)
[5.954s] DEBUG:colcon.colcon_core.event_handler.log_command:Invoked command in '/home/brussell03/DRON/ros2_ws/build/custom_interfaces' returned '0': CMAKE_PREFIX_PATH=${CMAKE_PREFIX_PATH}:/home/brussell03/DRON/ros2_ws/install/temperature:/home/brussell03/DRON/ros2_ws/install/gps:/home/brussell03/DRON/ros2_ws/install/thermal_cam:/home/brussell03/DRON/ros2_ws/install/IMU:/home/brussell03/DRON/ros2_ws/install/GPS:/home/brussell03/ros2_ws/install/robot_controller:/home/brussell03/ros2_ws/install/launch_testing_examples:/home/brussell03/ros2_ws/install/examples_rclpy_pointcloud_publisher:/home/brussell03/ros2_ws/install/examples_rclpy_minimal_subscriber:/home/brussell03/ros2_ws/install/examples_rclpy_minimal_service:/home/brussell03/ros2_ws/install/examples_rclpy_minimal_publisher:/home/brussell03/ros2_ws/install/examples_rclpy_minimal_client:/home/brussell03/ros2_ws/install/examples_rclpy_minimal_action_server:/home/brussell03/ros2_ws/install/examples_rclpy_minimal_action_client:/home/brussell03/ros2_ws/install/examples_rclpy_guard_conditions:/home/brussell03/ros2_ws/install/examples_rclpy_executors:/home/brussell03/ros2_ws/install/examples_rclcpp_minimal_action_server:/home/brussell03/ros2_ws/install/examples_rclcpp_minimal_action_client:/opt/ros/humble /usr/bin/cmake /home/brussell03/DRON/ros2_ws/src/custom_interfaces -DCMAKE_INSTALL_PREFIX=/home/brussell03/DRON/ros2_ws/install/custom_interfaces
[5.957s] DEBUG:colcon.colcon_core.event_handler.log_command:Invoking command in '/home/brussell03/DRON/ros2_ws/build/custom_interfaces': CMAKE_PREFIX_PATH=${CMAKE_PREFIX_PATH}:/home/brussell03/DRON/ros2_ws/install/temperature:/home/brussell03/DRON/ros2_ws/install/gps:/home/brussell03/DRON/ros2_ws/install/thermal_cam:/home/brussell03/DRON/ros2_ws/install/IMU:/home/brussell03/DRON/ros2_ws/install/GPS:/home/brussell03/ros2_ws/install/robot_controller:/home/brussell03/ros2_ws/install/launch_testing_examples:/home/brussell03/ros2_ws/install/examples_rclpy_pointcloud_publisher:/home/brussell03/ros2_ws/install/examples_rclpy_minimal_subscriber:/home/brussell03/ros2_ws/install/examples_rclpy_minimal_service:/home/brussell03/ros2_ws/install/examples_rclpy_minimal_publisher:/home/brussell03/ros2_ws/install/examples_rclpy_minimal_client:/home/brussell03/ros2_ws/install/examples_rclpy_minimal_action_server:/home/brussell03/ros2_ws/install/examples_rclpy_minimal_action_client:/home/brussell03/ros2_ws/install/examples_rclpy_guard_conditions:/home/brussell03/ros2_ws/install/examples_rclpy_executors:/home/brussell03/ros2_ws/install/examples_rclcpp_minimal_action_server:/home/brussell03/ros2_ws/install/examples_rclcpp_minimal_action_client:/opt/ros/humble /usr/bin/cmake --build /home/brussell03/DRON/ros2_ws/build/custom_interfaces -- -j8 -l8
[9.389s] DEBUG:colcon.colcon_core.event_handler.log_command:Invoked command in '/home/brussell03/DRON/ros2_ws/build/custom_interfaces' returned '0': CMAKE_PREFIX_PATH=${CMAKE_PREFIX_PATH}:/home/brussell03/DRON/ros2_ws/install/temperature:/home/brussell03/DRON/ros2_ws/install/gps:/home/brussell03/DRON/ros2_ws/install/thermal_cam:/home/brussell03/DRON/ros2_ws/install/IMU:/home/brussell03/DRON/ros2_ws/install/GPS:/home/brussell03/ros2_ws/install/robot_controller:/home/brussell03/ros2_ws/install/launch_testing_examples:/home/brussell03/ros2_ws/install/examples_rclpy_pointcloud_publisher:/home/brussell03/ros2_ws/install/examples_rclpy_minimal_subscriber:/home/brussell03/ros2_ws/install/examples_rclpy_minimal_service:/home/brussell03/ros2_ws/install/examples_rclpy_minimal_publisher:/home/brussell03/ros2_ws/install/examples_rclpy_minimal_client:/home/brussell03/ros2_ws/install/examples_rclpy_minimal_action_server:/home/brussell03/ros2_ws/install/examples_rclpy_minimal_action_client:/home/brussell03/ros2_ws/install/examples_rclpy_guard_conditions:/home/brussell03/ros2_ws/install/examples_rclpy_executors:/home/brussell03/ros2_ws/install/examples_rclcpp_minimal_action_server:/home/brussell03/ros2_ws/install/examples_rclcpp_minimal_action_client:/opt/ros/humble /usr/bin/cmake --build /home/brussell03/DRON/ros2_ws/build/custom_interfaces -- -j8 -l8
[9.523s] DEBUG:colcon.colcon_core.event_handler.log_command:Invoking command in '/home/brussell03/DRON/ros2_ws/build/custom_interfaces': CMAKE_PREFIX_PATH=${CMAKE_PREFIX_PATH}:/home/brussell03/DRON/ros2_ws/install/temperature:/home/brussell03/DRON/ros2_ws/install/gps:/home/brussell03/DRON/ros2_ws/install/thermal_cam:/home/brussell03/DRON/ros2_ws/install/IMU:/home/brussell03/DRON/ros2_ws/install/GPS:/home/brussell03/ros2_ws/install/robot_controller:/home/brussell03/ros2_ws/install/launch_testing_examples:/home/brussell03/ros2_ws/install/examples_rclpy_pointcloud_publisher:/home/brussell03/ros2_ws/install/examples_rclpy_minimal_subscriber:/home/brussell03/ros2_ws/install/examples_rclpy_minimal_service:/home/brussell03/ros2_ws/install/examples_rclpy_minimal_publisher:/home/brussell03/ros2_ws/install/examples_rclpy_minimal_client:/home/brussell03/ros2_ws/install/examples_rclpy_minimal_action_server:/home/brussell03/ros2_ws/install/examples_rclpy_minimal_action_client:/home/brussell03/ros2_ws/install/examples_rclpy_guard_conditions:/home/brussell03/ros2_ws/install/examples_rclpy_executors:/home/brussell03/ros2_ws/install/examples_rclcpp_minimal_action_server:/home/brussell03/ros2_ws/install/examples_rclcpp_minimal_action_client:/opt/ros/humble /usr/bin/cmake --install /home/brussell03/DRON/ros2_ws/build/custom_interfaces
[9.646s] Level 1:colcon.colcon_core.environment:create_environment_scripts_only(custom_interfaces)
[9.646s] DEBUG:colcon.colcon_core.event_handler.log_command:Invoked command in '/home/brussell03/DRON/ros2_ws/build/custom_interfaces' returned '0': CMAKE_PREFIX_PATH=${CMAKE_PREFIX_PATH}:/home/brussell03/DRON/ros2_ws/install/temperature:/home/brussell03/DRON/ros2_ws/install/gps:/home/brussell03/DRON/ros2_ws/install/thermal_cam:/home/brussell03/DRON/ros2_ws/install/IMU:/home/brussell03/DRON/ros2_ws/install/GPS:/home/brussell03/ros2_ws/install/robot_controller:/home/brussell03/ros2_ws/install/launch_testing_examples:/home/brussell03/ros2_ws/install/examples_rclpy_pointcloud_publisher:/home/brussell03/ros2_ws/install/examples_rclpy_minimal_subscriber:/home/brussell03/ros2_ws/install/examples_rclpy_minimal_service:/home/brussell03/ros2_ws/install/examples_rclpy_minimal_publisher:/home/brussell03/ros2_ws/install/examples_rclpy_minimal_client:/home/brussell03/ros2_ws/install/examples_rclpy_minimal_action_server:/home/brussell03/ros2_ws/install/examples_rclpy_minimal_action_client:/home/brussell03/ros2_ws/install/examples_rclpy_guard_conditions:/home/brussell03/ros2_ws/install/examples_rclpy_executors:/home/brussell03/ros2_ws/install/examples_rclcpp_minimal_action_server:/home/brussell03/ros2_ws/install/examples_rclcpp_minimal_action_client:/opt/ros/humble /usr/bin/cmake --install /home/brussell03/DRON/ros2_ws/build/custom_interfaces
[9.673s] Level 1:colcon.colcon_core.environment:checking '/home/brussell03/DRON/ros2_ws/install/custom_interfaces' for CMake module files
[9.674s] Level 1:colcon.colcon_core.environment:checking '/home/brussell03/DRON/ros2_ws/install/custom_interfaces' for CMake config files
[9.674s] Level 1:colcon.colcon_core.shell:create_environment_hook('custom_interfaces', 'cmake_prefix_path')
[9.700s] INFO:colcon.colcon_core.shell:Creating environment hook '/home/brussell03/DRON/ros2_ws/install/custom_interfaces/share/custom_interfaces/hook/cmake_prefix_path.ps1'
[9.701s] INFO:colcon.colcon_core.shell:Creating environment descriptor '/home/brussell03/DRON/ros2_ws/install/custom_interfaces/share/custom_interfaces/hook/cmake_prefix_path.dsv'
[9.701s] INFO:colcon.colcon_core.shell:Creating environment hook '/home/brussell03/DRON/ros2_ws/install/custom_interfaces/share/custom_interfaces/hook/cmake_prefix_path.sh'
[9.702s] Level 1:colcon.colcon_core.environment:checking '/home/brussell03/DRON/ros2_ws/install/custom_interfaces/lib'
[9.702s] Level 1:colcon.colcon_core.shell:create_environment_hook('custom_interfaces', 'ld_library_path_lib')
[9.727s] INFO:colcon.colcon_core.shell:Creating environment hook '/home/brussell03/DRON/ros2_ws/install/custom_interfaces/share/custom_interfaces/hook/ld_library_path_lib.ps1'
[9.728s] INFO:colcon.colcon_core.shell:Creating environment descriptor '/home/brussell03/DRON/ros2_ws/install/custom_interfaces/share/custom_interfaces/hook/ld_library_path_lib.dsv'
[9.728s] INFO:colcon.colcon_core.shell:Creating environment hook '/home/brussell03/DRON/ros2_ws/install/custom_interfaces/share/custom_interfaces/hook/ld_library_path_lib.sh'
[9.729s] Level 1:colcon.colcon_core.environment:checking '/home/brussell03/DRON/ros2_ws/install/custom_interfaces/bin'
[9.729s] Level 1:colcon.colcon_core.environment:checking '/home/brussell03/DRON/ros2_ws/install/custom_interfaces/lib/pkgconfig/custom_interfaces.pc'
[9.729s] Level 1:colcon.colcon_core.environment:checking '/home/brussell03/DRON/ros2_ws/install/custom_interfaces/lib/python3.10/site-packages'
[9.730s] Level 1:colcon.colcon_core.environment:checking '/home/brussell03/DRON/ros2_ws/install/custom_interfaces/bin'
[9.756s] INFO:colcon.colcon_core.shell:Creating package script '/home/brussell03/DRON/ros2_ws/install/custom_interfaces/share/custom_interfaces/package.ps1'
[9.756s] INFO:colcon.colcon_core.shell:Creating package descriptor '/home/brussell03/DRON/ros2_ws/install/custom_interfaces/share/custom_interfaces/package.dsv'
[9.757s] INFO:colcon.colcon_core.shell:Creating package script '/home/brussell03/DRON/ros2_ws/install/custom_interfaces/share/custom_interfaces/package.sh'
[9.758s] INFO:colcon.colcon_core.shell:Creating package script '/home/brussell03/DRON/ros2_ws/install/custom_interfaces/share/custom_interfaces/package.bash'
[9.758s] INFO:colcon.colcon_core.shell:Creating package script '/home/brussell03/DRON/ros2_ws/install/custom_interfaces/share/custom_interfaces/package.zsh'
[9.759s] Level 1:colcon.colcon_core.environment:create_file_with_runtime_dependencies(/home/brussell03/DRON/ros2_ws/install/custom_interfaces/share/colcon-core/packages/custom_interfaces)
[9.901s] Level 1:colcon.colcon_core.environment:create_environment_scripts_only(custom_interfaces)
[9.926s] Level 1:colcon.colcon_core.environment:checking '/home/brussell03/DRON/ros2_ws/install/custom_interfaces' for CMake module files
[9.927s] Level 1:colcon.colcon_core.environment:checking '/home/brussell03/DRON/ros2_ws/install/custom_interfaces' for CMake config files
[9.927s] Level 1:colcon.colcon_core.shell:create_environment_hook('custom_interfaces', 'cmake_prefix_path')
[9.951s] INFO:colcon.colcon_core.shell:Creating environment hook '/home/brussell03/DRON/ros2_ws/install/custom_interfaces/share/custom_interfaces/hook/cmake_prefix_path.ps1'
[9.958s] INFO:colcon.colcon_core.shell:Creating environment descriptor '/home/brussell03/DRON/ros2_ws/install/custom_interfaces/share/custom_interfaces/hook/cmake_prefix_path.dsv'
[9.958s] INFO:colcon.colcon_core.shell:Creating environment hook '/home/brussell03/DRON/ros2_ws/install/custom_interfaces/share/custom_interfaces/hook/cmake_prefix_path.sh'
[9.959s] Level 1:colcon.colcon_core.environment:checking '/home/brussell03/DRON/ros2_ws/install/custom_interfaces/lib'
[9.959s] Level 1:colcon.colcon_core.shell:create_environment_hook('custom_interfaces', 'ld_library_path_lib')
[9.985s] INFO:colcon.colcon_core.shell:Creating environment hook '/home/brussell03/DRON/ros2_ws/install/custom_interfaces/share/custom_interfaces/hook/ld_library_path_lib.ps1'
[9.986s] INFO:colcon.colcon_core.shell:Creating environment descriptor '/home/brussell03/DRON/ros2_ws/install/custom_interfaces/share/custom_interfaces/hook/ld_library_path_lib.dsv'
[9.986s] INFO:colcon.colcon_core.shell:Creating environment hook '/home/brussell03/DRON/ros2_ws/install/custom_interfaces/share/custom_interfaces/hook/ld_library_path_lib.sh'
[9.987s] Level 1:colcon.colcon_core.environment:checking '/home/brussell03/DRON/ros2_ws/install/custom_interfaces/bin'
[9.987s] Level 1:colcon.colcon_core.environment:checking '/home/brussell03/DRON/ros2_ws/install/custom_interfaces/lib/pkgconfig/custom_interfaces.pc'
[9.987s] Level 1:colcon.colcon_core.environment:checking '/home/brussell03/DRON/ros2_ws/install/custom_interfaces/lib/python3.10/site-packages'
[9.987s] Level 1:colcon.colcon_core.environment:checking '/home/brussell03/DRON/ros2_ws/install/custom_interfaces/bin'
[10.014s] INFO:colcon.colcon_core.shell:Creating package script '/home/brussell03/DRON/ros2_ws/install/custom_interfaces/share/custom_interfaces/package.ps1'
[10.015s] INFO:colcon.colcon_core.shell:Creating package descriptor '/home/brussell03/DRON/ros2_ws/install/custom_interfaces/share/custom_interfaces/package.dsv'
[10.015s] INFO:colcon.colcon_core.shell:Creating package script '/home/brussell03/DRON/ros2_ws/install/custom_interfaces/share/custom_interfaces/package.sh'
[10.016s] INFO:colcon.colcon_core.shell:Creating package script '/home/brussell03/DRON/ros2_ws/install/custom_interfaces/share/custom_interfaces/package.bash'
[10.017s] INFO:colcon.colcon_core.shell:Creating package script '/home/brussell03/DRON/ros2_ws/install/custom_interfaces/share/custom_interfaces/package.zsh'
[10.017s] Level 1:colcon.colcon_core.environment:create_file_with_runtime_dependencies(/home/brussell03/DRON/ros2_ws/install/custom_interfaces/share/colcon-core/packages/custom_interfaces)
[10.018s] INFO:colcon.colcon_ros.task.ament_python.build:Building ROS package in '/home/brussell03/DRON/ros2_ws/src/gps' with build type 'ament_python'
[10.018s] Level 1:colcon.colcon_core.shell:create_environment_hook('gps', 'ament_prefix_path')
[10.045s] INFO:colcon.colcon_core.shell:Creating environment hook '/home/brussell03/DRON/ros2_ws/install/gps/share/gps/hook/ament_prefix_path.ps1'
[10.046s] INFO:colcon.colcon_core.shell:Creating environment descriptor '/home/brussell03/DRON/ros2_ws/install/gps/share/gps/hook/ament_prefix_path.dsv'
[10.046s] INFO:colcon.colcon_core.shell:Creating environment hook '/home/brussell03/DRON/ros2_ws/install/gps/share/gps/hook/ament_prefix_path.sh'
[10.074s] INFO:colcon.colcon_core.shell:Skip shell extension 'powershell' for command environment: Not usable outside of PowerShell
[10.074s] DEBUG:colcon.colcon_core.shell:Skip shell extension 'dsv' for command environment
[10.652s] INFO:colcon.colcon_core.task.python.build:Building Python package in '/home/brussell03/DRON/ros2_ws/src/gps'
[10.680s] INFO:colcon.colcon_core.shell:Skip shell extension 'powershell' for command environment: Not usable outside of PowerShell
[10.681s] DEBUG:colcon.colcon_core.shell:Skip shell extension 'dsv' for command environment
[11.419s] DEBUG:colcon.colcon_core.event_handler.log_command:Invoking command in '/home/brussell03/DRON/ros2_ws/src/gps': PYTHONPATH=/home/brussell03/DRON/ros2_ws/build/gps/prefix_override:/home/brussell03/DRON/ros2_ws/install/gps/lib/python3.10/site-packages:${PYTHONPATH} /usr/bin/python3 setup.py egg_info --egg-base ../../build/gps build --build-base /home/brussell03/DRON/ros2_ws/build/gps/build install --record /home/brussell03/DRON/ros2_ws/build/gps/install.log --single-version-externally-managed
[11.972s] DEBUG:colcon.colcon_core.event_handler.log_command:Invoked command in '/home/brussell03/DRON/ros2_ws/src/gps' returned '0': PYTHONPATH=/home/brussell03/DRON/ros2_ws/build/gps/prefix_override:/home/brussell03/DRON/ros2_ws/install/gps/lib/python3.10/site-packages:${PYTHONPATH} /usr/bin/python3 setup.py egg_info --egg-base ../../build/gps build --build-base /home/brussell03/DRON/ros2_ws/build/gps/build install --record /home/brussell03/DRON/ros2_ws/build/gps/install.log --single-version-externally-managed
[12.000s] Level 1:colcon.colcon_core.environment:checking '/home/brussell03/DRON/ros2_ws/install/gps' for CMake module files
[12.001s] Level 1:colcon.colcon_core.environment:checking '/home/brussell03/DRON/ros2_ws/install/gps' for CMake config files
[12.002s] Level 1:colcon.colcon_core.environment:checking '/home/brussell03/DRON/ros2_ws/install/gps/lib'
[12.002s] Level 1:colcon.colcon_core.environment:checking '/home/brussell03/DRON/ros2_ws/install/gps/bin'
[12.002s] Level 1:colcon.colcon_core.environment:checking '/home/brussell03/DRON/ros2_ws/install/gps/lib/pkgconfig/gps.pc'
[12.002s] Level 1:colcon.colcon_core.environment:checking '/home/brussell03/DRON/ros2_ws/install/gps/lib/python3.10/site-packages'
[12.003s] Level 1:colcon.colcon_core.shell:create_environment_hook('gps', 'pythonpath')
[12.029s] INFO:colcon.colcon_core.shell:Creating environment hook '/home/brussell03/DRON/ros2_ws/install/gps/share/gps/hook/pythonpath.ps1'
[12.030s] INFO:colcon.colcon_core.shell:Creating environment descriptor '/home/brussell03/DRON/ros2_ws/install/gps/share/gps/hook/pythonpath.dsv'
[12.030s] INFO:colcon.colcon_core.shell:Creating environment hook '/home/brussell03/DRON/ros2_ws/install/gps/share/gps/hook/pythonpath.sh'
[12.031s] Level 1:colcon.colcon_core.environment:checking '/home/brussell03/DRON/ros2_ws/install/gps/bin'
[12.032s] Level 1:colcon.colcon_core.environment:create_environment_scripts_only(gps)
[12.057s] INFO:colcon.colcon_core.shell:Creating package script '/home/brussell03/DRON/ros2_ws/install/gps/share/gps/package.ps1'
[12.058s] INFO:colcon.colcon_core.shell:Creating package descriptor '/home/brussell03/DRON/ros2_ws/install/gps/share/gps/package.dsv'
[12.058s] INFO:colcon.colcon_core.shell:Creating package script '/home/brussell03/DRON/ros2_ws/install/gps/share/gps/package.sh'
[12.059s] INFO:colcon.colcon_core.shell:Creating package script '/home/brussell03/DRON/ros2_ws/install/gps/share/gps/package.bash'
[12.059s] INFO:colcon.colcon_core.shell:Creating package script '/home/brussell03/DRON/ros2_ws/install/gps/share/gps/package.zsh'
[12.060s] Level 1:colcon.colcon_core.environment:create_file_with_runtime_dependencies(/home/brussell03/DRON/ros2_ws/install/gps/share/colcon-core/packages/gps)
[12.060s] DEBUG:colcon.colcon_parallel_executor.executor.parallel:closing loop
[12.061s] DEBUG:colcon.colcon_parallel_executor.executor.parallel:loop closed
[12.061s] DEBUG:colcon.colcon_parallel_executor.executor.parallel:run_until_complete finished with '0'
[12.061s] DEBUG:colcon.colcon_core.event_reactor:joining thread
[12.095s] INFO:colcon.colcon_core.plugin_system:Skipping extension 'colcon_notification.desktop_notification.terminal_notifier': Not used on non-Darwin systems
[12.095s] INFO:colcon.colcon_core.plugin_system:Skipping extension 'colcon_notification.desktop_notification.win32': Not used on non-Windows systems
[12.095s] INFO:colcon.colcon_notification.desktop_notification:Sending desktop notification using 'notify2'
[12.116s] DEBUG:colcon.colcon_core.event_reactor:joined thread
[12.142s] INFO:colcon.colcon_core.shell:Creating prefix script '/home/brussell03/DRON/ros2_ws/install/local_setup.ps1'
[12.144s] INFO:colcon.colcon_core.shell:Creating prefix util module '/home/brussell03/DRON/ros2_ws/install/_local_setup_util_ps1.py'
[12.147s] INFO:colcon.colcon_core.shell:Creating prefix chain script '/home/brussell03/DRON/ros2_ws/install/setup.ps1'
[12.176s] INFO:colcon.colcon_core.shell:Creating prefix script '/home/brussell03/DRON/ros2_ws/install/local_setup.sh'
[12.177s] INFO:colcon.colcon_core.shell:Creating prefix util module '/home/brussell03/DRON/ros2_ws/install/_local_setup_util_sh.py'
[12.178s] INFO:colcon.colcon_core.shell:Creating prefix chain script '/home/brussell03/DRON/ros2_ws/install/setup.sh'
[12.207s] INFO:colcon.colcon_core.shell:Creating prefix script '/home/brussell03/DRON/ros2_ws/install/local_setup.bash'
[12.208s] INFO:colcon.colcon_core.shell:Creating prefix chain script '/home/brussell03/DRON/ros2_ws/install/setup.bash'
[12.236s] INFO:colcon.colcon_core.shell:Creating prefix script '/home/brussell03/DRON/ros2_ws/install/local_setup.zsh'
[12.237s] INFO:colcon.colcon_core.shell:Creating prefix chain script '/home/brussell03/DRON/ros2_ws/install/setup.zsh'
